2013/03/27 06:56:16 [error] [exception.CHttpException.404] exception 'CHttpException' with message 'Unable to resolve the request "upload/201303/27/06/1446f2694517fd78bb1d61b1d7638495/w400.jpg".' in C:\mydatas\APMServ5.2.6\www\htdocs\home\framework\web\CWebApplication.php:280
Stack trace:
#0 C:\mydatas\APMServ5.2.6\www\htdocs\home\framework\web\CWebApplication.php(135): CWebApplication->runController('upload/201303/2...')
#1 C:\mydatas\APMServ5.2.6\www\htdocs\home\framework\base\CApplication.php(162): CWebApplication->processRequest()
#2 C:\mydatas\APMServ5.2.6\www\htdocs\home\fang\index.php(17): CApplication->run()
#3 {main}
REQUEST_URI=/upload/201303/27/06/1446f2694517fd78bb1d61b1d7638495/w400.jpg
HTTP_REFERER=http://f.dev.yiluhao.com/manage/addPic/a/id/3
---
2013/03/27 06:56:16 [error] [exception.CHttpException.404] exception 'CHttpException' with message 'Unable to resolve the request "upload/201303/27/06/327f33580c3793915ba929367c856eba/w400.jpg".' in C:\mydatas\APMServ5.2.6\www\htdocs\home\framework\web\CWebApplication.php:280
Stack trace:
#0 C:\mydatas\APMServ5.2.6\www\htdocs\home\framework\web\CWebApplication.php(135): CWebApplication->runController('upload/201303/2...')
#1 C:\mydatas\APMServ5.2.6\www\htdocs\home\framework\base\CApplication.php(162): CWebApplication->processRequest()
#2 C:\mydatas\APMServ5.2.6\www\htdocs\home\fang\index.php(17): CApplication->run()
#3 {main}
REQUEST_URI=/upload/201303/27/06/327f33580c3793915ba929367c856eba/w400.jpg
HTTP_REFERER=http://f.dev.yiluhao.com/manage/addPic/a/id/3
---
2013/03/27 06:56:16 [error] [exception.CHttpException.404] exception 'CHttpException' with message 'Unable to resolve the request "upload/201303/27/06/48491709d4b2280184ec6c1649915f4d/w400.png".' in C:\mydatas\APMServ5.2.6\www\htdocs\home\framework\web\CWebApplication.php:280
Stack trace:
#0 C:\mydatas\APMServ5.2.6\www\htdocs\home\framework\web\CWebApplication.php(135): CWebApplication->runController('upload/201303/2...')
#1 C:\mydatas\APMServ5.2.6\www\htdocs\home\framework\base\CApplication.php(162): CWebApplication->processRequest()
#2 C:\mydatas\APMServ5.2.6\www\htdocs\home\fang\index.php(17): CApplication->run()
#3 {main}
REQUEST_URI=/upload/201303/27/06/48491709d4b2280184ec6c1649915f4d/w400.png
HTTP_REFERER=http://f.dev.yiluhao.com/manage/addPic/a/id/3
---
2013/03/27 06:56:16 [error] [exception.CHttpException.404] exception 'CHttpException' with message 'Unable to resolve the request "upload/201303/27/06/d8271fc337308512240589c85213e30b/w400.png".' in C:\mydatas\APMServ5.2.6\www\htdocs\home\framework\web\CWebApplication.php:280
Stack trace:
#0 C:\mydatas\APMServ5.2.6\www\htdocs\home\framework\web\CWebApplication.php(135): CWebApplication->runController('upload/201303/2...')
#1 C:\mydatas\APMServ5.2.6\www\htdocs\home\framework\base\CApplication.php(162): CWebApplication->processRequest()
#2 C:\mydatas\APMServ5.2.6\www\htdocs\home\fang\index.php(17): CApplication->run()
#3 {main}
REQUEST_URI=/upload/201303/27/06/d8271fc337308512240589c85213e30b/w400.png
HTTP_REFERER=http://f.dev.yiluhao.com/manage/addPic/a/id/3
---
2013/03/27 07:01:16 [error] [exception.CHttpException.404] exception 'CHttpException' with message 'Unable to resolve the request "upload/201303/27/06/1446f2694517fd78bb1d61b1d7638495/w300.jpg".' in C:\mydatas\APMServ5.2.6\www\htdocs\home\framework\web\CWebApplication.php:280
Stack trace:
#0 C:\mydatas\APMServ5.2.6\www\htdocs\home\framework\web\CWebApplication.php(135): CWebApplication->runController('upload/201303/2...')
#1 C:\mydatas\APMServ5.2.6\www\htdocs\home\framework\base\CApplication.php(162): CWebApplication->processRequest()
#2 C:\mydatas\APMServ5.2.6\www\htdocs\home\fang\index.php(17): CApplication->run()
#3 {main}
REQUEST_URI=/upload/201303/27/06/1446f2694517fd78bb1d61b1d7638495/w300.jpg
HTTP_REFERER=http://f.dev.yiluhao.com/manage/addPic/a/id/3
---
2013/03/27 07:01:16 [error] [exception.CHttpException.404] exception 'CHttpException' with message 'Unable to resolve the request "upload/201303/27/06/327f33580c3793915ba929367c856eba/w300.jpg".' in C:\mydatas\APMServ5.2.6\www\htdocs\home\framework\web\CWebApplication.php:280
Stack trace:
#0 C:\mydatas\APMServ5.2.6\www\htdocs\home\framework\web\CWebApplication.php(135): CWebApplication->runController('upload/201303/2...')
#1 C:\mydatas\APMServ5.2.6\www\htdocs\home\framework\base\CApplication.php(162): CWebApplication->processRequest()
#2 C:\mydatas\APMServ5.2.6\www\htdocs\home\fang\index.php(17): CApplication->run()
#3 {main}
REQUEST_URI=/upload/201303/27/06/327f33580c3793915ba929367c856eba/w300.jpg
HTTP_REFERER=http://f.dev.yiluhao.com/manage/addPic/a/id/3
---
2013/03/27 07:01:16 [error] [exception.CHttpException.404] exception 'CHttpException' with message 'Unable to resolve the request "upload/201303/27/06/48491709d4b2280184ec6c1649915f4d/w300.png".' in C:\mydatas\APMServ5.2.6\www\htdocs\home\framework\web\CWebApplication.php:280
Stack trace:
#0 C:\mydatas\APMServ5.2.6\www\htdocs\home\framework\web\CWebApplication.php(135): CWebApplication->runController('upload/201303/2...')
#1 C:\mydatas\APMServ5.2.6\www\htdocs\home\framework\base\CApplication.php(162): CWebApplication->processRequest()
#2 C:\mydatas\APMServ5.2.6\www\htdocs\home\fang\index.php(17): CApplication->run()
#3 {main}
REQUEST_URI=/upload/201303/27/06/48491709d4b2280184ec6c1649915f4d/w300.png
HTTP_REFERER=http://f.dev.yiluhao.com/manage/addPic/a/id/3
---
2013/03/27 07:01:19 [error] [exception.CHttpException.404] exception 'CHttpException' with message 'Unable to resolve the request "upload/201303/27/06/1446f2694517fd78bb1d61b1d7638495/w300.jpg".' in C:\mydatas\APMServ5.2.6\www\htdocs\home\framework\web\CWebApplication.php:280
Stack trace:
#0 C:\mydatas\APMServ5.2.6\www\htdocs\home\framework\web\CWebApplication.php(135): CWebApplication->runController('upload/201303/2...')
#1 C:\mydatas\APMServ5.2.6\www\htdocs\home\framework\base\CApplication.php(162): CWebApplication->processRequest()
#2 C:\mydatas\APMServ5.2.6\www\htdocs\home\fang\index.php(17): CApplication->run()
#3 {main}
REQUEST_URI=/upload/201303/27/06/1446f2694517fd78bb1d61b1d7638495/w300.jpg
HTTP_REFERER=http://f.dev.yiluhao.com/manage/addPic/a/del/1/id/18
---
2013/03/27 07:01:19 [error] [exception.CHttpException.404] exception 'CHttpException' with message 'Unable to resolve the request "upload/201303/27/06/327f33580c3793915ba929367c856eba/w300.jpg".' in C:\mydatas\APMServ5.2.6\www\htdocs\home\framework\web\CWebApplication.php:280
Stack trace:
#0 C:\mydatas\APMServ5.2.6\www\htdocs\home\framework\web\CWebApplication.php(135): CWebApplication->runController('upload/201303/2...')
#1 C:\mydatas\APMServ5.2.6\www\htdocs\home\framework\base\CApplication.php(162): CWebApplication->processRequest()
#2 C:\mydatas\APMServ5.2.6\www\htdocs\home\fang\index.php(17): CApplication->run()
#3 {main}
REQUEST_URI=/upload/201303/27/06/327f33580c3793915ba929367c856eba/w300.jpg
HTTP_REFERER=http://f.dev.yiluhao.com/manage/addPic/a/del/1/id/18
---
2013/03/27 07:01:21 [error] [exception.CHttpException.404] exception 'CHttpException' with message 'Unable to resolve the request "upload/201303/27/06/1446f2694517fd78bb1d61b1d7638495/w300.jpg".' in C:\mydatas\APMServ5.2.6\www\htdocs\home\framework\web\CWebApplication.php:280
Stack trace:
#0 C:\mydatas\APMServ5.2.6\www\htdocs\home\framework\web\CWebApplication.php(135): CWebApplication->runController('upload/201303/2...')
#1 C:\mydatas\APMServ5.2.6\www\htdocs\home\framework\base\CApplication.php(162): CWebApplication->processRequest()
#2 C:\mydatas\APMServ5.2.6\www\htdocs\home\fang\index.php(17): CApplication->run()
#3 {main}
REQUEST_URI=/upload/201303/27/06/1446f2694517fd78bb1d61b1d7638495/w300.jpg
HTTP_REFERER=http://f.dev.yiluhao.com/manage/addPic/a/del/1/id/17
---
2013/03/27 07:01:21 [error] [exception.CHttpException.404] exception 'CHttpException' with message 'Unable to resolve the request "upload/201303/27/06/327f33580c3793915ba929367c856eba/w300.jpg".' in C:\mydatas\APMServ5.2.6\www\htdocs\home\framework\web\CWebApplication.php:280
Stack trace:
#0 C:\mydatas\APMServ5.2.6\www\htdocs\home\framework\web\CWebApplication.php(135): CWebApplication->runController('upload/201303/2...')
#1 C:\mydatas\APMServ5.2.6\www\htdocs\home\framework\base\CApplication.php(162): CWebApplication->processRequest()
#2 C:\mydatas\APMServ5.2.6\www\htdocs\home\fang\index.php(17): CApplication->run()
#3 {main}
REQUEST_URI=/upload/201303/27/06/327f33580c3793915ba929367c856eba/w300.jpg
HTTP_REFERER=http://f.dev.yiluhao.com/manage/addPic/a/del/1/id/17
---
2013/03/27 07:01:22 [error] [exception.CHttpException.404] exception 'CHttpException' with message 'Unable to resolve the request "upload/201303/27/06/1446f2694517fd78bb1d61b1d7638495/w300.jpg".' in C:\mydatas\APMServ5.2.6\www\htdocs\home\framework\web\CWebApplication.php:280
Stack trace:
#0 C:\mydatas\APMServ5.2.6\www\htdocs\home\framework\web\CWebApplication.php(135): CWebApplication->runController('upload/201303/2...')
#1 C:\mydatas\APMServ5.2.6\www\htdocs\home\framework\base\CApplication.php(162): CWebApplication->processRequest()
#2 C:\mydatas\APMServ5.2.6\www\htdocs\home\fang\index.php(17): CApplication->run()
#3 {main}
REQUEST_URI=/upload/201303/27/06/1446f2694517fd78bb1d61b1d7638495/w300.jpg
HTTP_REFERER=http://f.dev.yiluhao.com/manage/addPic/a/del/1/id/16
---
2013/03/27 07:04:46 [error] [exception.CHttpException.404] exception 'CHttpException' with message 'Unable to resolve the request "upload/201303/27/07/889ae9d5116f072e25a02237b7cc5a52/w300.jpg".' in C:\mydatas\APMServ5.2.6\www\htdocs\home\framework\web\CWebApplication.php:280
Stack trace:
#0 C:\mydatas\APMServ5.2.6\www\htdocs\home\framework\web\CWebApplication.php(135): CWebApplication->runController('upload/201303/2...')
#1 C:\mydatas\APMServ5.2.6\www\htdocs\home\framework\base\CApplication.php(162): CWebApplication->processRequest()
#2 C:\mydatas\APMServ5.2.6\www\htdocs\home\fang\index.php(17): CApplication->run()
#3 {main}
REQUEST_URI=/upload/201303/27/07/889ae9d5116f072e25a02237b7cc5a52/w300.jpg
HTTP_REFERER=http://f.dev.yiluhao.com/manage/addPic/a/id/3
---
2013/03/27 07:04:46 [error] [exception.CHttpException.404] exception 'CHttpException' with message 'Unable to resolve the request "upload/201303/27/07/889ae9d5116f072e25a02237b7cc5a52/w300.jpg".' in C:\mydatas\APMServ5.2.6\www\htdocs\home\framework\web\CWebApplication.php:280
Stack trace:
#0 C:\mydatas\APMServ5.2.6\www\htdocs\home\framework\web\CWebApplication.php(135): CWebApplication->runController('upload/201303/2...')
#1 C:\mydatas\APMServ5.2.6\www\htdocs\home\framework\base\CApplication.php(162): CWebApplication->processRequest()
#2 C:\mydatas\APMServ5.2.6\www\htdocs\home\fang\index.php(17): CApplication->run()
#3 {main}
REQUEST_URI=/upload/201303/27/07/889ae9d5116f072e25a02237b7cc5a52/w300.jpg
HTTP_REFERER=http://f.dev.yiluhao.com/manage/addPic/a/id/3
---
2013/03/27 07:04:51 [error] [exception.CHttpException.404] exception 'CHttpException' with message 'Unable to resolve the request "upload/201303/27/07/889ae9d5116f072e25a02237b7cc5a52/w300.jpg".' in C:\mydatas\APMServ5.2.6\www\htdocs\home\framework\web\CWebApplication.php:280
Stack trace:
#0 C:\mydatas\APMServ5.2.6\www\htdocs\home\framework\web\CWebApplication.php(135): CWebApplication->runController('upload/201303/2...')
#1 C:\mydatas\APMServ5.2.6\www\htdocs\home\framework\base\CApplication.php(162): CWebApplication->processRequest()
#2 C:\mydatas\APMServ5.2.6\www\htdocs\home\fang\index.php(17): CApplication->run()
#3 {main}
REQUEST_URI=/upload/201303/27/07/889ae9d5116f072e25a02237b7cc5a52/w300.jpg
HTTP_REFERER=http://f.dev.yiluhao.com/manage/addPic/a/id/3
---
2013/03/27 07:07:51 [error] [exception.CHttpException.404] exception 'CHttpException' with message 'Unable to resolve the request "upload/201303/27/07/889ae9d5116f072e25a02237b7cc5a52/w350.jpg".' in C:\mydatas\APMServ5.2.6\www\htdocs\home\framework\web\CWebApplication.php:280
Stack trace:
#0 C:\mydatas\APMServ5.2.6\www\htdocs\home\framework\web\CWebApplication.php(135): CWebApplication->runController('upload/201303/2...')
#1 C:\mydatas\APMServ5.2.6\www\htdocs\home\framework\base\CApplication.php(162): CWebApplication->processRequest()
#2 C:\mydatas\APMServ5.2.6\www\htdocs\home\fang\index.php(17): CApplication->run()
#3 {main}
REQUEST_URI=/upload/201303/27/07/889ae9d5116f072e25a02237b7cc5a52/w350.jpg
HTTP_REFERER=http://f.dev.yiluhao.com/manage/addPic/a/id/3
---
2013/03/27 07:07:51 [error] [exception.CHttpException.404] exception 'CHttpException' with message 'Unable to resolve the request "upload/201303/27/07/889ae9d5116f072e25a02237b7cc5a52/w350.jpg".' in C:\mydatas\APMServ5.2.6\www\htdocs\home\framework\web\CWebApplication.php:280
Stack trace:
#0 C:\mydatas\APMServ5.2.6\www\htdocs\home\framework\web\CWebApplication.php(135): CWebApplication->runController('upload/201303/2...')
#1 C:\mydatas\APMServ5.2.6\www\htdocs\home\framework\base\CApplication.php(162): CWebApplication->processRequest()
#2 C:\mydatas\APMServ5.2.6\www\htdocs\home\fang\index.php(17): CApplication->run()
#3 {main}
REQUEST_URI=/upload/201303/27/07/889ae9d5116f072e25a02237b7cc5a52/w350.jpg
HTTP_REFERER=http://f.dev.yiluhao.com/manage/addPic/a/id/3
---
2013/03/27 07:08:26 [error] [exception.CHttpException.404] exception 'CHttpException' with message 'Unable to resolve the request "upload/201303/26/14/abdfcaf70dcba64dc9c2113567c18942/thumb.jpg".' in C:\mydatas\APMServ5.2.6\www\htdocs\home\framework\web\CWebApplication.php:280
Stack trace:
#0 C:\mydatas\APMServ5.2.6\www\htdocs\home\framework\web\CWebApplication.php(135): CWebApplication->runController('upload/201303/2...')
#1 C:\mydatas\APMServ5.2.6\www\htdocs\home\framework\base\CApplication.php(162): CWebApplication->processRequest()
#2 C:\mydatas\APMServ5.2.6\www\htdocs\home\fang\index.php(17): CApplication->run()
#3 {main}
REQUEST_URI=/upload/201303/26/14/abdfcaf70dcba64dc9c2113567c18942/thumb.jpg
HTTP_REFERER=http://f.dev.yiluhao.com/1002
---
2013/03/27 07:08:26 [error] [exception.CHttpException.404] exception 'CHttpException' with message 'Unable to resolve the request "upload/201303/26/14/327f33580c3793915ba929367c856eba/thumb.jpg".' in C:\mydatas\APMServ5.2.6\www\htdocs\home\framework\web\CWebApplication.php:280
Stack trace:
#0 C:\mydatas\APMServ5.2.6\www\htdocs\home\framework\web\CWebApplication.php(135): CWebApplication->runController('upload/201303/2...')
#1 C:\mydatas\APMServ5.2.6\www\htdocs\home\framework\base\CApplication.php(162): CWebApplication->processRequest()
#2 C:\mydatas\APMServ5.2.6\www\htdocs\home\fang\index.php(17): CApplication->run()
#3 {main}
REQUEST_URI=/upload/201303/26/14/327f33580c3793915ba929367c856eba/thumb.jpg
HTTP_REFERER=http://f.dev.yiluhao.com/1002
---
2013/03/27 07:08:29 [error] [exception.CHttpException.404] exception 'CHttpException' with message 'Unable to resolve the request "upload/201303/26/14/889ae9d5116f072e25a02237b7cc5a52/w350.jpg".' in C:\mydatas\APMServ5.2.6\www\htdocs\home\framework\web\CWebApplication.php:280
Stack trace:
#0 C:\mydatas\APMServ5.2.6\www\htdocs\home\framework\web\CWebApplication.php(135): CWebApplication->runController('upload/201303/2...')
#1 C:\mydatas\APMServ5.2.6\www\htdocs\home\framework\base\CApplication.php(162): CWebApplication->processRequest()
#2 C:\mydatas\APMServ5.2.6\www\htdocs\home\fang\index.php(17): CApplication->run()
#3 {main}
REQUEST_URI=/upload/201303/26/14/889ae9d5116f072e25a02237b7cc5a52/w350.jpg
HTTP_REFERER=http://f.dev.yiluhao.com/a/10002
---
2013/03/27 07:08:29 [error] [exception.CHttpException.404] exception 'CHttpException' with message 'Unable to resolve the request "upload/201303/26/14/48491709d4b2280184ec6c1649915f4d/w350.png".' in C:\mydatas\APMServ5.2.6\www\htdocs\home\framework\web\CWebApplication.php:280
Stack trace:
#0 C:\mydatas\APMServ5.2.6\www\htdocs\home\framework\web\CWebApplication.php(135): CWebApplication->runController('upload/201303/2...')
#1 C:\mydatas\APMServ5.2.6\www\htdocs\home\framework\base\CApplication.php(162): CWebApplication->processRequest()
#2 C:\mydatas\APMServ5.2.6\www\htdocs\home\fang\index.php(17): CApplication->run()
#3 {main}
REQUEST_URI=/upload/201303/26/14/48491709d4b2280184ec6c1649915f4d/w350.png
HTTP_REFERER=http://f.dev.yiluhao.com/a/10002
---
2013/03/27 07:08:29 [error] [exception.CHttpException.404] exception 'CHttpException' with message 'Unable to resolve the request "upload/201303/26/14/d04088e9aaaef1f93f3343084b8d1dd8/w350.jpg".' in C:\mydatas\APMServ5.2.6\www\htdocs\home\framework\web\CWebApplication.php:280
Stack trace:
#0 C:\mydatas\APMServ5.2.6\www\htdocs\home\framework\web\CWebApplication.php(135): CWebApplication->runController('upload/201303/2...')
#1 C:\mydatas\APMServ5.2.6\www\htdocs\home\framework\base\CApplication.php(162): CWebApplication->processRequest()
#2 C:\mydatas\APMServ5.2.6\www\htdocs\home\fang\index.php(17): CApplication->run()
#3 {main}
REQUEST_URI=/upload/201303/26/14/d04088e9aaaef1f93f3343084b8d1dd8/w350.jpg
HTTP_REFERER=http://f.dev.yiluhao.com/a/10002
---
2013/03/27 07:08:29 [error] [exception.CHttpException.404] exception 'CHttpException' with message 'Unable to resolve the request "upload/201303/26/14/8a136628b673eb800dec9e0a2b849095/w350.png".' in C:\mydatas\APMServ5.2.6\www\htdocs\home\framework\web\CWebApplication.php:280
Stack trace:
#0 C:\mydatas\APMServ5.2.6\www\htdocs\home\framework\web\CWebApplication.php(135): CWebApplication->runController('upload/201303/2...')
#1 C:\mydatas\APMServ5.2.6\www\htdocs\home\framework\base\CApplication.php(162): CWebApplication->processRequest()
#2 C:\mydatas\APMServ5.2.6\www\htdocs\home\fang\index.php(17): CApplication->run()
#3 {main}
REQUEST_URI=/upload/201303/26/14/8a136628b673eb800dec9e0a2b849095/w350.png
HTTP_REFERER=http://f.dev.yiluhao.com/a/10002
---
2013/03/27 07:08:30 [error] [exception.CHttpException.404] exception 'CHttpException' with message 'Unable to resolve the request "upload/201303/26/14/9f088683eb5b4c926b1d755c8f52d8cb/w350.jpg".' in C:\mydatas\APMServ5.2.6\www\htdocs\home\framework\web\CWebApplication.php:280
Stack trace:
#0 C:\mydatas\APMServ5.2.6\www\htdocs\home\framework\web\CWebApplication.php(135): CWebApplication->runController('upload/201303/2...')
#1 C:\mydatas\APMServ5.2.6\www\htdocs\home\framework\base\CApplication.php(162): CWebApplication->processRequest()
#2 C:\mydatas\APMServ5.2.6\www\htdocs\home\fang\index.php(17): CApplication->run()
#3 {main}
REQUEST_URI=/upload/201303/26/14/9f088683eb5b4c926b1d755c8f52d8cb/w350.jpg
HTTP_REFERER=http://f.dev.yiluhao.com/a/10002
---
2013/03/27 07:08:33 [error] [exception.CHttpException.404] exception 'CHttpException' with message 'Unable to resolve the request "upload/201303/26/14/d04088e9aaaef1f93f3343084b8d1dd8/w350.jpg".' in C:\mydatas\APMServ5.2.6\www\htdocs\home\framework\web\CWebApplication.php:280
Stack trace:
#0 C:\mydatas\APMServ5.2.6\www\htdocs\home\framework\web\CWebApplication.php(135): CWebApplication->runController('upload/201303/2...')
#1 C:\mydatas\APMServ5.2.6\www\htdocs\home\framework\base\CApplication.php(162): CWebApplication->processRequest()
#2 C:\mydatas\APMServ5.2.6\www\htdocs\home\fang\index.php(17): CApplication->run()
#3 {main}
REQUEST_URI=/upload/201303/26/14/d04088e9aaaef1f93f3343084b8d1dd8/w350.jpg
HTTP_REFERER=http://f.dev.yiluhao.com/a/10002
---
2013/03/27 07:08:33 [error] [exception.CHttpException.404] exception 'CHttpException' with message 'Unable to resolve the request "upload/201303/26/14/889ae9d5116f072e25a02237b7cc5a52/w350.jpg".' in C:\mydatas\APMServ5.2.6\www\htdocs\home\framework\web\CWebApplication.php:280
Stack trace:
#0 C:\mydatas\APMServ5.2.6\www\htdocs\home\framework\web\CWebApplication.php(135): CWebApplication->runController('upload/201303/2...')
#1 C:\mydatas\APMServ5.2.6\www\htdocs\home\framework\base\CApplication.php(162): CWebApplication->processRequest()
#2 C:\mydatas\APMServ5.2.6\www\htdocs\home\fang\index.php(17): CApplication->run()
#3 {main}
REQUEST_URI=/upload/201303/26/14/889ae9d5116f072e25a02237b7cc5a52/w350.jpg
HTTP_REFERER=http://f.dev.yiluhao.com/a/10002
---
2013/03/27 07:08:33 [error] [exception.CHttpException.404] exception 'CHttpException' with message 'Unable to resolve the request "upload/201303/26/14/48491709d4b2280184ec6c1649915f4d/w350.png".' in C:\mydatas\APMServ5.2.6\www\htdocs\home\framework\web\CWebApplication.php:280
Stack trace:
#0 C:\mydatas\APMServ5.2.6\www\htdocs\home\framework\web\CWebApplication.php(135): CWebApplication->runController('upload/201303/2...')
#1 C:\mydatas\APMServ5.2.6\www\htdocs\home\framework\base\CApplication.php(162): CWebApplication->processRequest()
#2 C:\mydatas\APMServ5.2.6\www\htdocs\home\fang\index.php(17): CApplication->run()
#3 {main}
REQUEST_URI=/upload/201303/26/14/48491709d4b2280184ec6c1649915f4d/w350.png
HTTP_REFERER=http://f.dev.yiluhao.com/a/10002
---
2013/03/27 07:08:33 [error] [exception.CHttpException.404] exception 'CHttpException' with message 'Unable to resolve the request "upload/201303/26/14/9f088683eb5b4c926b1d755c8f52d8cb/w350.jpg".' in C:\mydatas\APMServ5.2.6\www\htdocs\home\framework\web\CWebApplication.php:280
Stack trace:
#0 C:\mydatas\APMServ5.2.6\www\htdocs\home\framework\web\CWebApplication.php(135): CWebApplication->runController('upload/201303/2...')
#1 C:\mydatas\APMServ5.2.6\www\htdocs\home\framework\base\CApplication.php(162): CWebApplication->processRequest()
#2 C:\mydatas\APMServ5.2.6\www\htdocs\home\fang\index.php(17): CApplication->run()
#3 {main}
REQUEST_URI=/upload/201303/26/14/9f088683eb5b4c926b1d755c8f52d8cb/w350.jpg
HTTP_REFERER=http://f.dev.yiluhao.com/a/10002
---
2013/03/27 07:08:33 [error] [exception.CHttpException.404] exception 'CHttpException' with message 'Unable to resolve the request "upload/201303/26/14/8a136628b673eb800dec9e0a2b849095/w350.png".' in C:\mydatas\APMServ5.2.6\www\htdocs\home\framework\web\CWebApplication.php:280
Stack trace:
#0 C:\mydatas\APMServ5.2.6\www\htdocs\home\framework\web\CWebApplication.php(135): CWebApplication->runController('upload/201303/2...')
#1 C:\mydatas\APMServ5.2.6\www\htdocs\home\framework\base\CApplication.php(162): CWebApplication->processRequest()
#2 C:\mydatas\APMServ5.2.6\www\htdocs\home\fang\index.php(17): CApplication->run()
#3 {main}
REQUEST_URI=/upload/201303/26/14/8a136628b673eb800dec9e0a2b849095/w350.png
HTTP_REFERER=http://f.dev.yiluhao.com/a/10002
---
2013/03/27 07:08:40 [error] [exception.CHttpException.404] exception 'CHttpException' with message 'Unable to resolve the request "upload/201303/26/14/d04088e9aaaef1f93f3343084b8d1dd8/w350.jpg".' in C:\mydatas\APMServ5.2.6\www\htdocs\home\framework\web\CWebApplication.php:280
Stack trace:
#0 C:\mydatas\APMServ5.2.6\www\htdocs\home\framework\web\CWebApplication.php(135): CWebApplication->runController('upload/201303/2...')
#1 C:\mydatas\APMServ5.2.6\www\htdocs\home\framework\base\CApplication.php(162): CWebApplication->processRequest()
#2 C:\mydatas\APMServ5.2.6\www\htdocs\home\fang\index.php(17): CApplication->run()
#3 {main}
REQUEST_URI=/upload/201303/26/14/d04088e9aaaef1f93f3343084b8d1dd8/w350.jpg
---
2013/03/27 07:08:58 [error] [exception.CHttpException.404] exception 'CHttpException' with message 'Unable to resolve the request "upload/201303/26/14/abdfcaf70dcba64dc9c2113567c18942/thumb.jpg".' in C:\mydatas\APMServ5.2.6\www\htdocs\home\framework\web\CWebApplication.php:280
Stack trace:
#0 C:\mydatas\APMServ5.2.6\www\htdocs\home\framework\web\CWebApplication.php(135): CWebApplication->runController('upload/201303/2...')
#1 C:\mydatas\APMServ5.2.6\www\htdocs\home\framework\base\CApplication.php(162): CWebApplication->processRequest()
#2 C:\mydatas\APMServ5.2.6\www\htdocs\home\fang\index.php(17): CApplication->run()
#3 {main}
REQUEST_URI=/upload/201303/26/14/abdfcaf70dcba64dc9c2113567c18942/thumb.jpg
HTTP_REFERER=http://f.dev.yiluhao.com/manage/list
---
2013/03/27 07:08:58 [error] [exception.CHttpException.404] exception 'CHttpException' with message 'Unable to resolve the request "upload/201303/26/14/327f33580c3793915ba929367c856eba/thumb.jpg".' in C:\mydatas\APMServ5.2.6\www\htdocs\home\framework\web\CWebApplication.php:280
Stack trace:
#0 C:\mydatas\APMServ5.2.6\www\htdocs\home\framework\web\CWebApplication.php(135): CWebApplication->runController('upload/201303/2...')
#1 C:\mydatas\APMServ5.2.6\www\htdocs\home\framework\base\CApplication.php(162): CWebApplication->processRequest()
#2 C:\mydatas\APMServ5.2.6\www\htdocs\home\fang\index.php(17): CApplication->run()
#3 {main}
REQUEST_URI=/upload/201303/26/14/327f33580c3793915ba929367c856eba/thumb.jpg
HTTP_REFERER=http://f.dev.yiluhao.com/manage/list
---
2013/03/27 07:09:01 [error] [exception.CHttpException.404] exception 'CHttpException' with message 'Unable to resolve the request "upload/201303/26/14/abdfcaf70dcba64dc9c2113567c18942/thumb.jpg".' in C:\mydatas\APMServ5.2.6\www\htdocs\home\framework\web\CWebApplication.php:280
Stack trace:
#0 C:\mydatas\APMServ5.2.6\www\htdocs\home\framework\web\CWebApplication.php(135): CWebApplication->runController('upload/201303/2...')
#1 C:\mydatas\APMServ5.2.6\www\htdocs\home\framework\base\CApplication.php(162): CWebApplication->processRequest()
#2 C:\mydatas\APMServ5.2.6\www\htdocs\home\fang\index.php(17): CApplication->run()
#3 {main}
REQUEST_URI=/upload/201303/26/14/abdfcaf70dcba64dc9c2113567c18942/thumb.jpg
HTTP_REFERER=http://f.dev.yiluhao.com/manage/list
---
2013/03/27 07:09:01 [error] [exception.CHttpException.404] exception 'CHttpException' with message 'Unable to resolve the request "upload/201303/26/14/327f33580c3793915ba929367c856eba/thumb.jpg".' in C:\mydatas\APMServ5.2.6\www\htdocs\home\framework\web\CWebApplication.php:280
Stack trace:
#0 C:\mydatas\APMServ5.2.6\www\htdocs\home\framework\web\CWebApplication.php(135): CWebApplication->runController('upload/201303/2...')
#1 C:\mydatas\APMServ5.2.6\www\htdocs\home\framework\base\CApplication.php(162): CWebApplication->processRequest()
#2 C:\mydatas\APMServ5.2.6\www\htdocs\home\fang\index.php(17): CApplication->run()
#3 {main}
REQUEST_URI=/upload/201303/26/14/327f33580c3793915ba929367c856eba/thumb.jpg
HTTP_REFERER=http://f.dev.yiluhao.com/manage/list
---
2013/03/27 07:09:02 [error] [exception.CHttpException.404] exception 'CHttpException' with message 'Unable to resolve the request "upload/201303/26/14/abdfcaf70dcba64dc9c2113567c18942/thumb.jpg".' in C:\mydatas\APMServ5.2.6\www\htdocs\home\framework\web\CWebApplication.php:280
Stack trace:
#0 C:\mydatas\APMServ5.2.6\www\htdocs\home\framework\web\CWebApplication.php(135): CWebApplication->runController('upload/201303/2...')
#1 C:\mydatas\APMServ5.2.6\www\htdocs\home\framework\base\CApplication.php(162): CWebApplication->processRequest()
#2 C:\mydatas\APMServ5.2.6\www\htdocs\home\fang\index.php(17): CApplication->run()
#3 {main}
REQUEST_URI=/upload/201303/26/14/abdfcaf70dcba64dc9c2113567c18942/thumb.jpg
HTTP_REFERER=http://f.dev.yiluhao.com/manage/list
---
2013/03/27 07:09:14 [error] [exception.CHttpException.404] exception 'CHttpException' with message 'Unable to resolve the request "upload/201303/26/14/abdfcaf70dcba64dc9c2113567c18942/thumb.jpg".' in C:\mydatas\APMServ5.2.6\www\htdocs\home\framework\web\CWebApplication.php:280
Stack trace:
#0 C:\mydatas\APMServ5.2.6\www\htdocs\home\framework\web\CWebApplication.php(135): CWebApplication->runController('upload/201303/2...')
#1 C:\mydatas\APMServ5.2.6\www\htdocs\home\framework\base\CApplication.php(162): CWebApplication->processRequest()
#2 C:\mydatas\APMServ5.2.6\www\htdocs\home\fang\index.php(17): CApplication->run()
#3 {main}
REQUEST_URI=/upload/201303/26/14/abdfcaf70dcba64dc9c2113567c18942/thumb.jpg
HTTP_REFERER=http://f.dev.yiluhao.com/manage/addBasic/edit/id/10002
---
2013/03/27 07:09:14 [error] [exception.CHttpException.404] exception 'CHttpException' with message 'Unable to resolve the request "upload/201303/26/14/d04088e9aaaef1f93f3343084b8d1dd8/w350.jpg".' in C:\mydatas\APMServ5.2.6\www\htdocs\home\framework\web\CWebApplication.php:280
Stack trace:
#0 C:\mydatas\APMServ5.2.6\www\htdocs\home\framework\web\CWebApplication.php(135): CWebApplication->runController('upload/201303/2...')
#1 C:\mydatas\APMServ5.2.6\www\htdocs\home\framework\base\CApplication.php(162): CWebApplication->processRequest()
#2 C:\mydatas\APMServ5.2.6\www\htdocs\home\fang\index.php(17): CApplication->run()
#3 {main}
REQUEST_URI=/upload/201303/26/14/d04088e9aaaef1f93f3343084b8d1dd8/w350.jpg
HTTP_REFERER=http://f.dev.yiluhao.com/manage/addBasic/edit/id/10002
---
2013/03/27 07:09:14 [error] [exception.CHttpException.404] exception 'CHttpException' with message 'Unable to resolve the request "upload/201303/26/14/889ae9d5116f072e25a02237b7cc5a52/w350.jpg".' in C:\mydatas\APMServ5.2.6\www\htdocs\home\framework\web\CWebApplication.php:280
Stack trace:
#0 C:\mydatas\APMServ5.2.6\www\htdocs\home\framework\web\CWebApplication.php(135): CWebApplication->runController('upload/201303/2...')
#1 C:\mydatas\APMServ5.2.6\www\htdocs\home\framework\base\CApplication.php(162): CWebApplication->processRequest()
#2 C:\mydatas\APMServ5.2.6\www\htdocs\home\fang\index.php(17): CApplication->run()
#3 {main}
REQUEST_URI=/upload/201303/26/14/889ae9d5116f072e25a02237b7cc5a52/w350.jpg
HTTP_REFERER=http://f.dev.yiluhao.com/manage/addBasic/edit/id/10002
---
2013/03/27 07:09:14 [error] [exception.CHttpException.404] exception 'CHttpException' with message 'Unable to resolve the request "upload/201303/26/14/48491709d4b2280184ec6c1649915f4d/w350.png".' in C:\mydatas\APMServ5.2.6\www\htdocs\home\framework\web\CWebApplication.php:280
Stack trace:
#0 C:\mydatas\APMServ5.2.6\www\htdocs\home\framework\web\CWebApplication.php(135): CWebApplication->runController('upload/201303/2...')
#1 C:\mydatas\APMServ5.2.6\www\htdocs\home\framework\base\CApplication.php(162): CWebApplication->processRequest()
#2 C:\mydatas\APMServ5.2.6\www\htdocs\home\fang\index.php(17): CApplication->run()
#3 {main}
REQUEST_URI=/upload/201303/26/14/48491709d4b2280184ec6c1649915f4d/w350.png
HTTP_REFERER=http://f.dev.yiluhao.com/manage/addBasic/edit/id/10002
---
2013/03/27 07:09:14 [error] [exception.CHttpException.404] exception 'CHttpException' with message 'Unable to resolve the request "upload/201303/26/14/8a136628b673eb800dec9e0a2b849095/w350.png".' in C:\mydatas\APMServ5.2.6\www\htdocs\home\framework\web\CWebApplication.php:280
Stack trace:
#0 C:\mydatas\APMServ5.2.6\www\htdocs\home\framework\web\CWebApplication.php(135): CWebApplication->runController('upload/201303/2...')
#1 C:\mydatas\APMServ5.2.6\www\htdocs\home\framework\base\CApplication.php(162): CWebApplication->processRequest()
#2 C:\mydatas\APMServ5.2.6\www\htdocs\home\fang\index.php(17): CApplication->run()
#3 {main}
REQUEST_URI=/upload/201303/26/14/8a136628b673eb800dec9e0a2b849095/w350.png
HTTP_REFERER=http://f.dev.yiluhao.com/manage/addBasic/edit/id/10002
---
2013/03/27 07:09:14 [error] [exception.CHttpException.404] exception 'CHttpException' with message 'Unable to resolve the request "upload/201303/26/14/9f088683eb5b4c926b1d755c8f52d8cb/w350.jpg".' in C:\mydatas\APMServ5.2.6\www\htdocs\home\framework\web\CWebApplication.php:280
Stack trace:
#0 C:\mydatas\APMServ5.2.6\www\htdocs\home\framework\web\CWebApplication.php(135): CWebApplication->runController('upload/201303/2...')
#1 C:\mydatas\APMServ5.2.6\www\htdocs\home\framework\base\CApplication.php(162): CWebApplication->processRequest()
#2 C:\mydatas\APMServ5.2.6\www\htdocs\home\fang\index.php(17): CApplication->run()
#3 {main}
REQUEST_URI=/upload/201303/26/14/9f088683eb5b4c926b1d755c8f52d8cb/w350.jpg
HTTP_REFERER=http://f.dev.yiluhao.com/manage/addBasic/edit/id/10002
---
2013/03/27 07:09:17 [error] [exception.CHttpException.404] exception 'CHttpException' with message 'Unable to resolve the request "upload/201303/26/14/abdfcaf70dcba64dc9c2113567c18942/thumb.jpg".' in C:\mydatas\APMServ5.2.6\www\htdocs\home\framework\web\CWebApplication.php:280
Stack trace:
#0 C:\mydatas\APMServ5.2.6\www\htdocs\home\framework\web\CWebApplication.php(135): CWebApplication->runController('upload/201303/2...')
#1 C:\mydatas\APMServ5.2.6\www\htdocs\home\framework\base\CApplication.php(162): CWebApplication->processRequest()
#2 C:\mydatas\APMServ5.2.6\www\htdocs\home\fang\index.php(17): CApplication->run()
#3 {main}
REQUEST_URI=/upload/201303/26/14/abdfcaf70dcba64dc9c2113567c18942/thumb.jpg
HTTP_REFERER=http://f.dev.yiluhao.com/manage/addPic/a/id/10002
---
2013/03/27 07:09:17 [error] [exception.CHttpException.404] exception 'CHttpException' with message 'Unable to resolve the request "upload/201303/26/14/d04088e9aaaef1f93f3343084b8d1dd8/w350.jpg".' in C:\mydatas\APMServ5.2.6\www\htdocs\home\framework\web\CWebApplication.php:280
Stack trace:
#0 C:\mydatas\APMServ5.2.6\www\htdocs\home\framework\web\CWebApplication.php(135): CWebApplication->runController('upload/201303/2...')
#1 C:\mydatas\APMServ5.2.6\www\htdocs\home\framework\base\CApplication.php(162): CWebApplication->processRequest()
#2 C:\mydatas\APMServ5.2.6\www\htdocs\home\fang\index.php(17): CApplication->run()
#3 {main}
REQUEST_URI=/upload/201303/26/14/d04088e9aaaef1f93f3343084b8d1dd8/w350.jpg
HTTP_REFERER=http://f.dev.yiluhao.com/manage/addPic/a/id/10002
---
2013/03/27 07:09:17 [error] [exception.CHttpException.404] exception 'CHttpException' with message 'Unable to resolve the request "upload/201303/26/14/889ae9d5116f072e25a02237b7cc5a52/w350.jpg".' in C:\mydatas\APMServ5.2.6\www\htdocs\home\framework\web\CWebApplication.php:280
Stack trace:
#0 C:\mydatas\APMServ5.2.6\www\htdocs\home\framework\web\CWebApplication.php(135): CWebApplication->runController('upload/201303/2...')
#1 C:\mydatas\APMServ5.2.6\www\htdocs\home\framework\base\CApplication.php(162): CWebApplication->processRequest()
#2 C:\mydatas\APMServ5.2.6\www\htdocs\home\fang\index.php(17): CApplication->run()
#3 {main}
REQUEST_URI=/upload/201303/26/14/889ae9d5116f072e25a02237b7cc5a52/w350.jpg
HTTP_REFERER=http://f.dev.yiluhao.com/manage/addPic/a/id/10002
---
2013/03/27 07:09:17 [error] [exception.CHttpException.404] exception 'CHttpException' with message 'Unable to resolve the request "upload/201303/26/14/48491709d4b2280184ec6c1649915f4d/w350.png".' in C:\mydatas\APMServ5.2.6\www\htdocs\home\framework\web\CWebApplication.php:280
Stack trace:
#0 C:\mydatas\APMServ5.2.6\www\htdocs\home\framework\web\CWebApplication.php(135): CWebApplication->runController('upload/201303/2...')
#1 C:\mydatas\APMServ5.2.6\www\htdocs\home\framework\base\CApplication.php(162): CWebApplication->processRequest()
#2 C:\mydatas\APMServ5.2.6\www\htdocs\home\fang\index.php(17): CApplication->run()
#3 {main}
REQUEST_URI=/upload/201303/26/14/48491709d4b2280184ec6c1649915f4d/w350.png
HTTP_REFERER=http://f.dev.yiluhao.com/manage/addPic/a/id/10002
---
2013/03/27 07:09:17 [error] [exception.CHttpException.404] exception 'CHttpException' with message 'Unable to resolve the request "upload/201303/26/14/8a136628b673eb800dec9e0a2b849095/w350.png".' in C:\mydatas\APMServ5.2.6\www\htdocs\home\framework\web\CWebApplication.php:280
Stack trace:
#0 C:\mydatas\APMServ5.2.6\www\htdocs\home\framework\web\CWebApplication.php(135): CWebApplication->runController('upload/201303/2...')
#1 C:\mydatas\APMServ5.2.6\www\htdocs\home\framework\base\CApplication.php(162): CWebApplication->processRequest()
#2 C:\mydatas\APMServ5.2.6\www\htdocs\home\fang\index.php(17): CApplication->run()
#3 {main}
REQUEST_URI=/upload/201303/26/14/8a136628b673eb800dec9e0a2b849095/w350.png
HTTP_REFERER=http://f.dev.yiluhao.com/manage/addPic/a/id/10002
---
2013/03/27 07:09:20 [error] [exception.CHttpException.404] exception 'CHttpException' with message 'Unable to resolve the request "upload/201303/26/14/abdfcaf70dcba64dc9c2113567c18942/thumb.jpg".' in C:\mydatas\APMServ5.2.6\www\htdocs\home\framework\web\CWebApplication.php:280
Stack trace:
#0 C:\mydatas\APMServ5.2.6\www\htdocs\home\framework\web\CWebApplication.php(135): CWebApplication->runController('upload/201303/2...')
#1 C:\mydatas\APMServ5.2.6\www\htdocs\home\framework\base\CApplication.php(162): CWebApplication->processRequest()
#2 C:\mydatas\APMServ5.2.6\www\htdocs\home\fang\index.php(17): CApplication->run()
#3 {main}
REQUEST_URI=/upload/201303/26/14/abdfcaf70dcba64dc9c2113567c18942/thumb.jpg
HTTP_REFERER=http://f.dev.yiluhao.com/manage/addPic/a/del/1/id/12
---
2013/03/27 07:09:20 [error] [exception.CHttpException.404] exception 'CHttpException' with message 'Unable to resolve the request "upload/201303/26/14/889ae9d5116f072e25a02237b7cc5a52/w350.jpg".' in C:\mydatas\APMServ5.2.6\www\htdocs\home\framework\web\CWebApplication.php:280
Stack trace:
#0 C:\mydatas\APMServ5.2.6\www\htdocs\home\framework\web\CWebApplication.php(135): CWebApplication->runController('upload/201303/2...')
#1 C:\mydatas\APMServ5.2.6\www\htdocs\home\framework\base\CApplication.php(162): CWebApplication->processRequest()
#2 C:\mydatas\APMServ5.2.6\www\htdocs\home\fang\index.php(17): CApplication->run()
#3 {main}
REQUEST_URI=/upload/201303/26/14/889ae9d5116f072e25a02237b7cc5a52/w350.jpg
HTTP_REFERER=http://f.dev.yiluhao.com/manage/addPic/a/del/1/id/12
---
2013/03/27 07:09:20 [error] [exception.CHttpException.404] exception 'CHttpException' with message 'Unable to resolve the request "upload/201303/26/14/d04088e9aaaef1f93f3343084b8d1dd8/w350.jpg".' in C:\mydatas\APMServ5.2.6\www\htdocs\home\framework\web\CWebApplication.php:280
Stack trace:
#0 C:\mydatas\APMServ5.2.6\www\htdocs\home\framework\web\CWebApplication.php(135): CWebApplication->runController('upload/201303/2...')
#1 C:\mydatas\APMServ5.2.6\www\htdocs\home\framework\base\CApplication.php(162): CWebApplication->processRequest()
#2 C:\mydatas\APMServ5.2.6\www\htdocs\home\fang\index.php(17): CApplication->run()
#3 {main}
REQUEST_URI=/upload/201303/26/14/d04088e9aaaef1f93f3343084b8d1dd8/w350.jpg
HTTP_REFERER=http://f.dev.yiluhao.com/manage/addPic/a/del/1/id/12
---
2013/03/27 07:09:20 [error] [exception.CHttpException.404] exception 'CHttpException' with message 'Unable to resolve the request "upload/201303/26/14/48491709d4b2280184ec6c1649915f4d/w350.png".' in C:\mydatas\APMServ5.2.6\www\htdocs\home\framework\web\CWebApplication.php:280
Stack trace:
#0 C:\mydatas\APMServ5.2.6\www\htdocs\home\framework\web\CWebApplication.php(135): CWebApplication->runController('upload/201303/2...')
#1 C:\mydatas\APMServ5.2.6\www\htdocs\home\framework\base\CApplication.php(162): CWebApplication->processRequest()
#2 C:\mydatas\APMServ5.2.6\www\htdocs\home\fang\index.php(17): CApplication->run()
#3 {main}
REQUEST_URI=/upload/201303/26/14/48491709d4b2280184ec6c1649915f4d/w350.png
HTTP_REFERER=http://f.dev.yiluhao.com/manage/addPic/a/del/1/id/12
---
2013/03/27 07:09:21 [error] [exception.CHttpException.404] exception 'CHttpException' with message 'Unable to resolve the request "upload/201303/26/14/abdfcaf70dcba64dc9c2113567c18942/thumb.jpg".' in C:\mydatas\APMServ5.2.6\www\htdocs\home\framework\web\CWebApplication.php:280
Stack trace:
#0 C:\mydatas\APMServ5.2.6\www\htdocs\home\framework\web\CWebApplication.php(135): CWebApplication->runController('upload/201303/2...')
#1 C:\mydatas\APMServ5.2.6\www\htdocs\home\framework\base\CApplication.php(162): CWebApplication->processRequest()
#2 C:\mydatas\APMServ5.2.6\www\htdocs\home\fang\index.php(17): CApplication->run()
#3 {main}
REQUEST_URI=/upload/201303/26/14/abdfcaf70dcba64dc9c2113567c18942/thumb.jpg
HTTP_REFERER=http://f.dev.yiluhao.com/manage/addPic/a/del/1/id/11
---
2013/03/27 07:09:21 [error] [exception.CHttpException.404] exception 'CHttpException' with message 'Unable to resolve the request "upload/201303/26/14/889ae9d5116f072e25a02237b7cc5a52/w350.jpg".' in C:\mydatas\APMServ5.2.6\www\htdocs\home\framework\web\CWebApplication.php:280
Stack trace:
#0 C:\mydatas\APMServ5.2.6\www\htdocs\home\framework\web\CWebApplication.php(135): CWebApplication->runController('upload/201303/2...')
#1 C:\mydatas\APMServ5.2.6\www\htdocs\home\framework\base\CApplication.php(162): CWebApplication->processRequest()
#2 C:\mydatas\APMServ5.2.6\www\htdocs\home\fang\index.php(17): CApplication->run()
#3 {main}
REQUEST_URI=/upload/201303/26/14/889ae9d5116f072e25a02237b7cc5a52/w350.jpg
HTTP_REFERER=http://f.dev.yiluhao.com/manage/addPic/a/del/1/id/11
---
2013/03/27 07:09:21 [error] [exception.CHttpException.404] exception 'CHttpException' with message 'Unable to resolve the request "upload/201303/26/14/d04088e9aaaef1f93f3343084b8d1dd8/w350.jpg".' in C:\mydatas\APMServ5.2.6\www\htdocs\home\framework\web\CWebApplication.php:280
Stack trace:
#0 C:\mydatas\APMServ5.2.6\www\htdocs\home\framework\web\CWebApplication.php(135): CWebApplication->runController('upload/201303/2...')
#1 C:\mydatas\APMServ5.2.6\www\htdocs\home\framework\base\CApplication.php(162): CWebApplication->processRequest()
#2 C:\mydatas\APMServ5.2.6\www\htdocs\home\fang\index.php(17): CApplication->run()
#3 {main}
REQUEST_URI=/upload/201303/26/14/d04088e9aaaef1f93f3343084b8d1dd8/w350.jpg
HTTP_REFERER=http://f.dev.yiluhao.com/manage/addPic/a/del/1/id/11
---
2013/03/27 07:09:24 [error] [exception.CHttpException.404] exception 'CHttpException' with message 'Unable to resolve the request "upload/201303/26/14/abdfcaf70dcba64dc9c2113567c18942/thumb.jpg".' in C:\mydatas\APMServ5.2.6\www\htdocs\home\framework\web\CWebApplication.php:280
Stack trace:
#0 C:\mydatas\APMServ5.2.6\www\htdocs\home\framework\web\CWebApplication.php(135): CWebApplication->runController('upload/201303/2...')
#1 C:\mydatas\APMServ5.2.6\www\htdocs\home\framework\base\CApplication.php(162): CWebApplication->processRequest()
#2 C:\mydatas\APMServ5.2.6\www\htdocs\home\fang\index.php(17): CApplication->run()
#3 {main}
REQUEST_URI=/upload/201303/26/14/abdfcaf70dcba64dc9c2113567c18942/thumb.jpg
HTTP_REFERER=http://f.dev.yiluhao.com/manage/addPic/a/del/1/id/10
---
2013/03/27 07:09:24 [error] [exception.CHttpException.404] exception 'CHttpException' with message 'Unable to resolve the request "upload/201303/26/14/d04088e9aaaef1f93f3343084b8d1dd8/w350.jpg".' in C:\mydatas\APMServ5.2.6\www\htdocs\home\framework\web\CWebApplication.php:280
Stack trace:
#0 C:\mydatas\APMServ5.2.6\www\htdocs\home\framework\web\CWebApplication.php(135): CWebApplication->runController('upload/201303/2...')
#1 C:\mydatas\APMServ5.2.6\www\htdocs\home\framework\base\CApplication.php(162): CWebApplication->processRequest()
#2 C:\mydatas\APMServ5.2.6\www\htdocs\home\fang\index.php(17): CApplication->run()
#3 {main}
REQUEST_URI=/upload/201303/26/14/d04088e9aaaef1f93f3343084b8d1dd8/w350.jpg
HTTP_REFERER=http://f.dev.yiluhao.com/manage/addPic/a/del/1/id/10
---
2013/03/27 07:09:25 [error] [exception.CHttpException.404] exception 'CHttpException' with message 'Unable to resolve the request "upload/201303/26/14/abdfcaf70dcba64dc9c2113567c18942/thumb.jpg".' in C:\mydatas\APMServ5.2.6\www\htdocs\home\framework\web\CWebApplication.php:280
Stack trace:
#0 C:\mydatas\APMServ5.2.6\www\htdocs\home\framework\web\CWebApplication.php(135): CWebApplication->runController('upload/201303/2...')
#1 C:\mydatas\APMServ5.2.6\www\htdocs\home\framework\base\CApplication.php(162): CWebApplication->processRequest()
#2 C:\mydatas\APMServ5.2.6\www\htdocs\home\fang\index.php(17): CApplication->run()
#3 {main}
REQUEST_URI=/upload/201303/26/14/abdfcaf70dcba64dc9c2113567c18942/thumb.jpg
HTTP_REFERER=http://f.dev.yiluhao.com/manage/addPic/a/del/1/id/9
---
2013/03/27 07:11:42 [error] [exception.CHttpException.404] exception 'CHttpException' with message 'Unable to resolve the request "upload/201303/26/14/327f33580c3793915ba929367c856eba/thumb.jpg".' in C:\mydatas\APMServ5.2.6\www\htdocs\home\framework\web\CWebApplication.php:280
Stack trace:
#0 C:\mydatas\APMServ5.2.6\www\htdocs\home\framework\web\CWebApplication.php(135): CWebApplication->runController('upload/201303/2...')
#1 C:\mydatas\APMServ5.2.6\www\htdocs\home\framework\base\CApplication.php(162): CWebApplication->processRequest()
#2 C:\mydatas\APMServ5.2.6\www\htdocs\home\fang\index.php(17): CApplication->run()
#3 {main}
REQUEST_URI=/upload/201303/26/14/327f33580c3793915ba929367c856eba/thumb.jpg
HTTP_REFERER=http://f.dev.yiluhao.com/1002
---
2013/03/27 07:11:42 [error] [exception.CHttpException.404] exception 'CHttpException' with message 'Unable to resolve the request "upload/201303/26/14/327f33580c3793915ba929367c856eba/thumb.jpg".' in C:\mydatas\APMServ5.2.6\www\htdocs\home\framework\web\CWebApplication.php:280
Stack trace:
#0 C:\mydatas\APMServ5.2.6\www\htdocs\home\framework\web\CWebApplication.php(135): CWebApplication->runController('upload/201303/2...')
#1 C:\mydatas\APMServ5.2.6\www\htdocs\home\framework\base\CApplication.php(162): CWebApplication->processRequest()
#2 C:\mydatas\APMServ5.2.6\www\htdocs\home\fang\index.php(17): CApplication->run()
#3 {main}
REQUEST_URI=/upload/201303/26/14/327f33580c3793915ba929367c856eba/thumb.jpg
HTTP_REFERER=http://f.dev.yiluhao.com/1002
---
2013/03/27 07:11:43 [error] [exception.CHttpException.404] exception 'CHttpException' with message 'Unable to resolve the request "upload/201303/26/14/327f33580c3793915ba929367c856eba/thumb.jpg".' in C:\mydatas\APMServ5.2.6\www\htdocs\home\framework\web\CWebApplication.php:280
Stack trace:
#0 C:\mydatas\APMServ5.2.6\www\htdocs\home\framework\web\CWebApplication.php(135): CWebApplication->runController('upload/201303/2...')
#1 C:\mydatas\APMServ5.2.6\www\htdocs\home\framework\base\CApplication.php(162): CWebApplication->processRequest()
#2 C:\mydatas\APMServ5.2.6\www\htdocs\home\fang\index.php(17): CApplication->run()
#3 {main}
REQUEST_URI=/upload/201303/26/14/327f33580c3793915ba929367c856eba/thumb.jpg
HTTP_REFERER=http://f.dev.yiluhao.com/1002
---
2013/03/27 07:11:44 [error] [exception.CHttpException.404] exception 'CHttpException' with message 'Unable to resolve the request "upload/201303/26/14/327f33580c3793915ba929367c856eba/thumb.jpg".' in C:\mydatas\APMServ5.2.6\www\htdocs\home\framework\web\CWebApplication.php:280
Stack trace:
#0 C:\mydatas\APMServ5.2.6\www\htdocs\home\framework\web\CWebApplication.php(135): CWebApplication->runController('upload/201303/2...')
#1 C:\mydatas\APMServ5.2.6\www\htdocs\home\framework\base\CApplication.php(162): CWebApplication->processRequest()
#2 C:\mydatas\APMServ5.2.6\www\htdocs\home\fang\index.php(17): CApplication->run()
#3 {main}
REQUEST_URI=/upload/201303/26/14/327f33580c3793915ba929367c856eba/thumb.jpg
HTTP_REFERER=http://f.dev.yiluhao.com/1002
---
2013/03/27 07:11:45 [error] [exception.CHttpException.404] exception 'CHttpException' with message 'Unable to resolve the request "upload/201303/26/14/327f33580c3793915ba929367c856eba/thumb.jpg".' in C:\mydatas\APMServ5.2.6\www\htdocs\home\framework\web\CWebApplication.php:280
Stack trace:
#0 C:\mydatas\APMServ5.2.6\www\htdocs\home\framework\web\CWebApplication.php(135): CWebApplication->runController('upload/201303/2...')
#1 C:\mydatas\APMServ5.2.6\www\htdocs\home\framework\base\CApplication.php(162): CWebApplication->processRequest()
#2 C:\mydatas\APMServ5.2.6\www\htdocs\home\fang\index.php(17): CApplication->run()
#3 {main}
REQUEST_URI=/upload/201303/26/14/327f33580c3793915ba929367c856eba/thumb.jpg
HTTP_REFERER=http://f.dev.yiluhao.com/1002
---
2013/03/27 07:11:45 [error] [exception.CHttpException.404] exception 'CHttpException' with message 'Unable to resolve the request "upload/201303/26/14/327f33580c3793915ba929367c856eba/thumb.jpg".' in C:\mydatas\APMServ5.2.6\www\htdocs\home\framework\web\CWebApplication.php:280
Stack trace:
#0 C:\mydatas\APMServ5.2.6\www\htdocs\home\framework\web\CWebApplication.php(135): CWebApplication->runController('upload/201303/2...')
#1 C:\mydatas\APMServ5.2.6\www\htdocs\home\framework\base\CApplication.php(162): CWebApplication->processRequest()
#2 C:\mydatas\APMServ5.2.6\www\htdocs\home\fang\index.php(17): CApplication->run()
#3 {main}
REQUEST_URI=/upload/201303/26/14/327f33580c3793915ba929367c856eba/thumb.jpg
HTTP_REFERER=http://f.dev.yiluhao.com/1002
---
2013/03/27 07:12:00 [error] [exception.CHttpException.404] exception 'CHttpException' with message 'Unable to resolve the request "upload/201303/26/14/327f33580c3793915ba929367c856eba/thumb.jpg".' in C:\mydatas\APMServ5.2.6\www\htdocs\home\framework\web\CWebApplication.php:280
Stack trace:
#0 C:\mydatas\APMServ5.2.6\www\htdocs\home\framework\web\CWebApplication.php(135): CWebApplication->runController('upload/201303/2...')
#1 C:\mydatas\APMServ5.2.6\www\htdocs\home\framework\base\CApplication.php(162): CWebApplication->processRequest()
#2 C:\mydatas\APMServ5.2.6\www\htdocs\home\fang\index.php(17): CApplication->run()
#3 {main}
REQUEST_URI=/upload/201303/26/14/327f33580c3793915ba929367c856eba/thumb.jpg
HTTP_REFERER=http://f.dev.yiluhao.com/1002
---
2013/03/27 07:12:01 [error] [exception.CHttpException.404] exception 'CHttpException' with message 'Unable to resolve the request "upload/201303/26/14/327f33580c3793915ba929367c856eba/thumb.jpg".' in C:\mydatas\APMServ5.2.6\www\htdocs\home\framework\web\CWebApplication.php:280
Stack trace:
#0 C:\mydatas\APMServ5.2.6\www\htdocs\home\framework\web\CWebApplication.php(135): CWebApplication->runController('upload/201303/2...')
#1 C:\mydatas\APMServ5.2.6\www\htdocs\home\framework\base\CApplication.php(162): CWebApplication->processRequest()
#2 C:\mydatas\APMServ5.2.6\www\htdocs\home\fang\index.php(17): CApplication->run()
#3 {main}
REQUEST_URI=/upload/201303/26/14/327f33580c3793915ba929367c856eba/thumb.jpg
HTTP_REFERER=http://f.dev.yiluhao.com/1002
---
2013/03/27 07:13:17 [error] [exception.CHttpException.404] exception 'CHttpException' with message 'Unable to resolve the request "upload/201303/26/14/327f33580c3793915ba929367c856eba/thumb.jpg".' in C:\mydatas\APMServ5.2.6\www\htdocs\home\framework\web\CWebApplication.php:280
Stack trace:
#0 C:\mydatas\APMServ5.2.6\www\htdocs\home\framework\web\CWebApplication.php(135): CWebApplication->runController('upload/201303/2...')
#1 C:\mydatas\APMServ5.2.6\www\htdocs\home\framework\base\CApplication.php(162): CWebApplication->processRequest()
#2 C:\mydatas\APMServ5.2.6\www\htdocs\home\fang\index.php(17): CApplication->run()
#3 {main}
REQUEST_URI=/upload/201303/26/14/327f33580c3793915ba929367c856eba/thumb.jpg
HTTP_REFERER=http://f.dev.yiluhao.com/1002
---
2013/03/27 07:13:17 [error] [exception.CHttpException.404] exception 'CHttpException' with message 'Unable to resolve the request "upload/201303/26/14/327f33580c3793915ba929367c856eba/thumb.jpg".' in C:\mydatas\APMServ5.2.6\www\htdocs\home\framework\web\CWebApplication.php:280
Stack trace:
#0 C:\mydatas\APMServ5.2.6\www\htdocs\home\framework\web\CWebApplication.php(135): CWebApplication->runController('upload/201303/2...')
#1 C:\mydatas\APMServ5.2.6\www\htdocs\home\framework\base\CApplication.php(162): CWebApplication->processRequest()
#2 C:\mydatas\APMServ5.2.6\www\htdocs\home\fang\index.php(17): CApplication->run()
#3 {main}
REQUEST_URI=/upload/201303/26/14/327f33580c3793915ba929367c856eba/thumb.jpg
HTTP_REFERER=http://f.dev.yiluhao.com/1002
---
2013/03/27 07:13:19 [error] [exception.CHttpException.404] exception 'CHttpException' with message 'Unable to resolve the request "upload/201303/26/14/327f33580c3793915ba929367c856eba/thumb.jpg".' in C:\mydatas\APMServ5.2.6\www\htdocs\home\framework\web\CWebApplication.php:280
Stack trace:
#0 C:\mydatas\APMServ5.2.6\www\htdocs\home\framework\web\CWebApplication.php(135): CWebApplication->runController('upload/201303/2...')
#1 C:\mydatas\APMServ5.2.6\www\htdocs\home\framework\base\CApplication.php(162): CWebApplication->processRequest()
#2 C:\mydatas\APMServ5.2.6\www\htdocs\home\fang\index.php(17): CApplication->run()
#3 {main}
REQUEST_URI=/upload/201303/26/14/327f33580c3793915ba929367c856eba/thumb.jpg
HTTP_REFERER=http://f.dev.yiluhao.com/1002
---
2013/03/27 07:13:20 [error] [exception.CHttpException.404] exception 'CHttpException' with message 'Unable to resolve the request "upload/201303/26/14/327f33580c3793915ba929367c856eba/thumb.jpg".' in C:\mydatas\APMServ5.2.6\www\htdocs\home\framework\web\CWebApplication.php:280
Stack trace:
#0 C:\mydatas\APMServ5.2.6\www\htdocs\home\framework\web\CWebApplication.php(135): CWebApplication->runController('upload/201303/2...')
#1 C:\mydatas\APMServ5.2.6\www\htdocs\home\framework\base\CApplication.php(162): CWebApplication->processRequest()
#2 C:\mydatas\APMServ5.2.6\www\htdocs\home\fang\index.php(17): CApplication->run()
#3 {main}
REQUEST_URI=/upload/201303/26/14/327f33580c3793915ba929367c856eba/thumb.jpg
HTTP_REFERER=http://f.dev.yiluhao.com/1002
---
2013/03/27 07:13:40 [error] [exception.CHttpException.404] exception 'CHttpException' with message 'Unable to resolve the request "upload/201303/26/14/327f33580c3793915ba929367c856eba/thumb.jpg".' in C:\mydatas\APMServ5.2.6\www\htdocs\home\framework\web\CWebApplication.php:280
Stack trace:
#0 C:\mydatas\APMServ5.2.6\www\htdocs\home\framework\web\CWebApplication.php(135): CWebApplication->runController('upload/201303/2...')
#1 C:\mydatas\APMServ5.2.6\www\htdocs\home\framework\base\CApplication.php(162): CWebApplication->processRequest()
#2 C:\mydatas\APMServ5.2.6\www\htdocs\home\fang\index.php(17): CApplication->run()
#3 {main}
REQUEST_URI=/upload/201303/26/14/327f33580c3793915ba929367c856eba/thumb.jpg
HTTP_REFERER=http://f.dev.yiluhao.com/1002
---
2013/03/27 07:13:42 [error] [exception.CHttpException.404] exception 'CHttpException' with message 'Unable to resolve the request "upload/201303/26/14/327f33580c3793915ba929367c856eba/thumb.jpg".' in C:\mydatas\APMServ5.2.6\www\htdocs\home\framework\web\CWebApplication.php:280
Stack trace:
#0 C:\mydatas\APMServ5.2.6\www\htdocs\home\framework\web\CWebApplication.php(135): CWebApplication->runController('upload/201303/2...')
#1 C:\mydatas\APMServ5.2.6\www\htdocs\home\framework\base\CApplication.php(162): CWebApplication->processRequest()
#2 C:\mydatas\APMServ5.2.6\www\htdocs\home\fang\index.php(17): CApplication->run()
#3 {main}
REQUEST_URI=/upload/201303/26/14/327f33580c3793915ba929367c856eba/thumb.jpg
HTTP_REFERER=http://f.dev.yiluhao.com/1002
---
2013/03/27 07:13:43 [error] [exception.CHttpException.404] exception 'CHttpException' with message 'Unable to resolve the request "upload/201303/26/14/327f33580c3793915ba929367c856eba/thumb.jpg".' in C:\mydatas\APMServ5.2.6\www\htdocs\home\framework\web\CWebApplication.php:280
Stack trace:
#0 C:\mydatas\APMServ5.2.6\www\htdocs\home\framework\web\CWebApplication.php(135): CWebApplication->runController('upload/201303/2...')
#1 C:\mydatas\APMServ5.2.6\www\htdocs\home\framework\base\CApplication.php(162): CWebApplication->processRequest()
#2 C:\mydatas\APMServ5.2.6\www\htdocs\home\fang\index.php(17): CApplication->run()
#3 {main}
REQUEST_URI=/upload/201303/26/14/327f33580c3793915ba929367c856eba/thumb.jpg
HTTP_REFERER=http://f.dev.yiluhao.com/1002
---
2013/03/27 07:13:45 [error] [exception.CHttpException.404] exception 'CHttpException' with message 'Unable to resolve the request "upload/201303/26/14/327f33580c3793915ba929367c856eba/thumb.jpg".' in C:\mydatas\APMServ5.2.6\www\htdocs\home\framework\web\CWebApplication.php:280
Stack trace:
#0 C:\mydatas\APMServ5.2.6\www\htdocs\home\framework\web\CWebApplication.php(135): CWebApplication->runController('upload/201303/2...')
#1 C:\mydatas\APMServ5.2.6\www\htdocs\home\framework\base\CApplication.php(162): CWebApplication->processRequest()
#2 C:\mydatas\APMServ5.2.6\www\htdocs\home\fang\index.php(17): CApplication->run()
#3 {main}
REQUEST_URI=/upload/201303/26/14/327f33580c3793915ba929367c856eba/thumb.jpg
HTTP_REFERER=http://f.dev.yiluhao.com/1002
---
2013/03/27 07:13:46 [error] [exception.CHttpException.404] exception 'CHttpException' with message 'Unable to resolve the request "upload/201303/26/14/327f33580c3793915ba929367c856eba/thumb.jpg".' in C:\mydatas\APMServ5.2.6\www\htdocs\home\framework\web\CWebApplication.php:280
Stack trace:
#0 C:\mydatas\APMServ5.2.6\www\htdocs\home\framework\web\CWebApplication.php(135): CWebApplication->runController('upload/201303/2...')
#1 C:\mydatas\APMServ5.2.6\www\htdocs\home\framework\base\CApplication.php(162): CWebApplication->processRequest()
#2 C:\mydatas\APMServ5.2.6\www\htdocs\home\fang\index.php(17): CApplication->run()
#3 {main}
REQUEST_URI=/upload/201303/26/14/327f33580c3793915ba929367c856eba/thumb.jpg
HTTP_REFERER=http://f.dev.yiluhao.com/1002
---
2013/03/27 07:22:21 [error] [exception.CHttpException.404] exception 'CHttpException' with message 'Unable to resolve the request "upload/201303/26/14/327f33580c3793915ba929367c856eba/thumb.jpg".' in C:\mydatas\APMServ5.2.6\www\htdocs\home\framework\web\CWebApplication.php:280
Stack trace:
#0 C:\mydatas\APMServ5.2.6\www\htdocs\home\framework\web\CWebApplication.php(135): CWebApplication->runController('upload/201303/2...')
#1 C:\mydatas\APMServ5.2.6\www\htdocs\home\framework\base\CApplication.php(162): CWebApplication->processRequest()
#2 C:\mydatas\APMServ5.2.6\www\htdocs\home\fang\index.php(17): CApplication->run()
#3 {main}
REQUEST_URI=/upload/201303/26/14/327f33580c3793915ba929367c856eba/thumb.jpg
HTTP_REFERER=http://f.dev.yiluhao.com/manage/list
---
2013/03/27 07:22:22 [error] [exception.CHttpException.404] exception 'CHttpException' with message 'Unable to resolve the request "upload/201303/26/14/327f33580c3793915ba929367c856eba/thumb.jpg".' in C:\mydatas\APMServ5.2.6\www\htdocs\home\framework\web\CWebApplication.php:280
Stack trace:
#0 C:\mydatas\APMServ5.2.6\www\htdocs\home\framework\web\CWebApplication.php(135): CWebApplication->runController('upload/201303/2...')
#1 C:\mydatas\APMServ5.2.6\www\htdocs\home\framework\base\CApplication.php(162): CWebApplication->processRequest()
#2 C:\mydatas\APMServ5.2.6\www\htdocs\home\fang\index.php(17): CApplication->run()
#3 {main}
REQUEST_URI=/upload/201303/26/14/327f33580c3793915ba929367c856eba/thumb.jpg
HTTP_REFERER=http://f.dev.yiluhao.com/manage/list
---
2013/03/27 07:26:48 [error] [exception.CHttpException.404] exception 'CHttpException' with message 'Unable to resolve the request "upload/201303/26/14/327f33580c3793915ba929367c856eba/thumb.jpg".' in C:\mydatas\APMServ5.2.6\www\htdocs\home\framework\web\CWebApplication.php:280
Stack trace:
#0 C:\mydatas\APMServ5.2.6\www\htdocs\home\framework\web\CWebApplication.php(135): CWebApplication->runController('upload/201303/2...')
#1 C:\mydatas\APMServ5.2.6\www\htdocs\home\framework\base\CApplication.php(162): CWebApplication->processRequest()
#2 C:\mydatas\APMServ5.2.6\www\htdocs\home\fang\index.php(17): CApplication->run()
#3 {main}
REQUEST_URI=/upload/201303/26/14/327f33580c3793915ba929367c856eba/thumb.jpg
HTTP_REFERER=http://f.dev.yiluhao.com/1002
---
2013/03/27 07:26:49 [error] [exception.CHttpException.404] exception 'CHttpException' with message 'Unable to resolve the request "upload/201303/26/14/327f33580c3793915ba929367c856eba/thumb.jpg".' in C:\mydatas\APMServ5.2.6\www\htdocs\home\framework\web\CWebApplication.php:280
Stack trace:
#0 C:\mydatas\APMServ5.2.6\www\htdocs\home\framework\web\CWebApplication.php(135): CWebApplication->runController('upload/201303/2...')
#1 C:\mydatas\APMServ5.2.6\www\htdocs\home\framework\base\CApplication.php(162): CWebApplication->processRequest()
#2 C:\mydatas\APMServ5.2.6\www\htdocs\home\fang\index.php(17): CApplication->run()
#3 {main}
REQUEST_URI=/upload/201303/26/14/327f33580c3793915ba929367c856eba/thumb.jpg
HTTP_REFERER=http://f.dev.yiluhao.com/1002
---
2013/03/27 07:28:29 [error] [exception.CHttpException.404] exception 'CHttpException' with message 'Unable to resolve the request "upload/201303/26/14/327f33580c3793915ba929367c856eba/thumb.jpg".' in C:\mydatas\APMServ5.2.6\www\htdocs\home\framework\web\CWebApplication.php:280
Stack trace:
#0 C:\mydatas\APMServ5.2.6\www\htdocs\home\framework\web\CWebApplication.php(135): CWebApplication->runController('upload/201303/2...')
#1 C:\mydatas\APMServ5.2.6\www\htdocs\home\framework\base\CApplication.php(162): CWebApplication->processRequest()
#2 C:\mydatas\APMServ5.2.6\www\htdocs\home\fang\index.php(17): CApplication->run()
#3 {main}
REQUEST_URI=/upload/201303/26/14/327f33580c3793915ba929367c856eba/thumb.jpg
HTTP_REFERER=http://f.dev.yiluhao.com/1002
---
2013/03/27 07:28:32 [error] [exception.CHttpException.404] exception 'CHttpException' with message 'Unable to resolve the request "upload/201303/26/14/327f33580c3793915ba929367c856eba/thumb.jpg".' in C:\mydatas\APMServ5.2.6\www\htdocs\home\framework\web\CWebApplication.php:280
Stack trace:
#0 C:\mydatas\APMServ5.2.6\www\htdocs\home\framework\web\CWebApplication.php(135): CWebApplication->runController('upload/201303/2...')
#1 C:\mydatas\APMServ5.2.6\www\htdocs\home\framework\base\CApplication.php(162): CWebApplication->processRequest()
#2 C:\mydatas\APMServ5.2.6\www\htdocs\home\fang\index.php(17): CApplication->run()
#3 {main}
REQUEST_URI=/upload/201303/26/14/327f33580c3793915ba929367c856eba/thumb.jpg
HTTP_REFERER=http://f.dev.yiluhao.com/1002
---
2013/03/27 07:28:33 [error] [exception.CHttpException.404] exception 'CHttpException' with message 'Unable to resolve the request "upload/201303/26/14/327f33580c3793915ba929367c856eba/thumb.jpg".' in C:\mydatas\APMServ5.2.6\www\htdocs\home\framework\web\CWebApplication.php:280
Stack trace:
#0 C:\mydatas\APMServ5.2.6\www\htdocs\home\framework\web\CWebApplication.php(135): CWebApplication->runController('upload/201303/2...')
#1 C:\mydatas\APMServ5.2.6\www\htdocs\home\framework\base\CApplication.php(162): CWebApplication->processRequest()
#2 C:\mydatas\APMServ5.2.6\www\htdocs\home\fang\index.php(17): CApplication->run()
#3 {main}
REQUEST_URI=/upload/201303/26/14/327f33580c3793915ba929367c856eba/thumb.jpg
HTTP_REFERER=http://f.dev.yiluhao.com/1002
---
2013/03/27 07:28:38 [error] [exception.CHttpException.404] exception 'CHttpException' with message 'Unable to resolve the request "upload/201303/26/14/327f33580c3793915ba929367c856eba/thumb.jpg".' in C:\mydatas\APMServ5.2.6\www\htdocs\home\framework\web\CWebApplication.php:280
Stack trace:
#0 C:\mydatas\APMServ5.2.6\www\htdocs\home\framework\web\CWebApplication.php(135): CWebApplication->runController('upload/201303/2...')
#1 C:\mydatas\APMServ5.2.6\www\htdocs\home\framework\base\CApplication.php(162): CWebApplication->processRequest()
#2 C:\mydatas\APMServ5.2.6\www\htdocs\home\fang\index.php(17): CApplication->run()
#3 {main}
REQUEST_URI=/upload/201303/26/14/327f33580c3793915ba929367c856eba/thumb.jpg
HTTP_REFERER=http://f.dev.yiluhao.com/1002
---
2013/03/27 07:28:39 [error] [exception.CHttpException.404] exception 'CHttpException' with message 'Unable to resolve the request "upload/201303/26/14/327f33580c3793915ba929367c856eba/thumb.jpg".' in C:\mydatas\APMServ5.2.6\www\htdocs\home\framework\web\CWebApplication.php:280
Stack trace:
#0 C:\mydatas\APMServ5.2.6\www\htdocs\home\framework\web\CWebApplication.php(135): CWebApplication->runController('upload/201303/2...')
#1 C:\mydatas\APMServ5.2.6\www\htdocs\home\framework\base\CApplication.php(162): CWebApplication->processRequest()
#2 C:\mydatas\APMServ5.2.6\www\htdocs\home\fang\index.php(17): CApplication->run()
#3 {main}
REQUEST_URI=/upload/201303/26/14/327f33580c3793915ba929367c856eba/thumb.jpg
HTTP_REFERER=http://f.dev.yiluhao.com/1002
---
2013/03/27 13:59:48 [error] [exception.CHttpException.404] exception 'CHttpException' with message 'Unable to resolve the request "favicon.ico".' in C:\mydatas\APMServ5.2.6\www\htdocs\home\framework\web\CWebApplication.php:280
Stack trace:
#0 C:\mydatas\APMServ5.2.6\www\htdocs\home\framework\web\CWebApplication.php(135): CWebApplication->runController('favicon.ico')
#1 C:\mydatas\APMServ5.2.6\www\htdocs\home\framework\base\CApplication.php(162): CWebApplication->processRequest()
#2 C:\mydatas\APMServ5.2.6\www\htdocs\home\fang\index.php(17): CApplication->run()
#3 {main}
REQUEST_URI=/favicon.ico
---
2013/03/27 13:59:48 [error] [exception.CHttpException.404] exception 'CHttpException' with message 'Unable to resolve the request "favicon.ico".' in C:\mydatas\APMServ5.2.6\www\htdocs\home\framework\web\CWebApplication.php:280
Stack trace:
#0 C:\mydatas\APMServ5.2.6\www\htdocs\home\framework\web\CWebApplication.php(135): CWebApplication->runController('favicon.ico')
#1 C:\mydatas\APMServ5.2.6\www\htdocs\home\framework\base\CApplication.php(162): CWebApplication->processRequest()
#2 C:\mydatas\APMServ5.2.6\www\htdocs\home\fang\index.php(17): CApplication->run()
#3 {main}
REQUEST_URI=/favicon.ico
---
2013/03/27 13:59:48 [error] [exception.CHttpException.404] exception 'CHttpException' with message 'Unable to resolve the request "favicon.ico".' in C:\mydatas\APMServ5.2.6\www\htdocs\home\framework\web\CWebApplication.php:280
Stack trace:
#0 C:\mydatas\APMServ5.2.6\www\htdocs\home\framework\web\CWebApplication.php(135): CWebApplication->runController('favicon.ico')
#1 C:\mydatas\APMServ5.2.6\www\htdocs\home\framework\base\CApplication.php(162): CWebApplication->processRequest()
#2 C:\mydatas\APMServ5.2.6\www\htdocs\home\fang\index.php(17): CApplication->run()
#3 {main}
REQUEST_URI=/favicon.ico
---
2013/03/27 13:59:55 [error] [exception.CHttpException.404] exception 'CHttpException' with message 'Unable to resolve the request "upload/201303/26/14/327f33580c3793915ba929367c856eba/thumb.jpg".' in C:\mydatas\APMServ5.2.6\www\htdocs\home\framework\web\CWebApplication.php:280
Stack trace:
#0 C:\mydatas\APMServ5.2.6\www\htdocs\home\framework\web\CWebApplication.php(135): CWebApplication->runController('upload/201303/2...')
#1 C:\mydatas\APMServ5.2.6\www\htdocs\home\framework\base\CApplication.php(162): CWebApplication->processRequest()
#2 C:\mydatas\APMServ5.2.6\www\htdocs\home\fang\index.php(17): CApplication->run()
#3 {main}
REQUEST_URI=/upload/201303/26/14/327f33580c3793915ba929367c856eba/thumb.jpg
HTTP_REFERER=http://f.dev.yiluhao.com/manage/list
---
2013/03/27 13:59:56 [error] [exception.CHttpException.404] exception 'CHttpException' with message 'Unable to resolve the request "upload/201303/26/14/327f33580c3793915ba929367c856eba/thumb.jpg".' in C:\mydatas\APMServ5.2.6\www\htdocs\home\framework\web\CWebApplication.php:280
Stack trace:
#0 C:\mydatas\APMServ5.2.6\www\htdocs\home\framework\web\CWebApplication.php(135): CWebApplication->runController('upload/201303/2...')
#1 C:\mydatas\APMServ5.2.6\www\htdocs\home\framework\base\CApplication.php(162): CWebApplication->processRequest()
#2 C:\mydatas\APMServ5.2.6\www\htdocs\home\fang\index.php(17): CApplication->run()
#3 {main}
REQUEST_URI=/upload/201303/26/14/327f33580c3793915ba929367c856eba/thumb.jpg
HTTP_REFERER=http://f.dev.yiluhao.com/manage/list
---
2013/03/27 14:00:07 [error] [exception.CHttpException.404] exception 'CHttpException' with message 'Unable to resolve the request "upload/201303/26/14/327f33580c3793915ba929367c856eba/thumb.jpg".' in C:\mydatas\APMServ5.2.6\www\htdocs\home\framework\web\CWebApplication.php:280
Stack trace:
#0 C:\mydatas\APMServ5.2.6\www\htdocs\home\framework\web\CWebApplication.php(135): CWebApplication->runController('upload/201303/2...')
#1 C:\mydatas\APMServ5.2.6\www\htdocs\home\framework\base\CApplication.php(162): CWebApplication->processRequest()
#2 C:\mydatas\APMServ5.2.6\www\htdocs\home\fang\index.php(17): CApplication->run()
#3 {main}
REQUEST_URI=/upload/201303/26/14/327f33580c3793915ba929367c856eba/thumb.jpg
HTTP_REFERER=http://f.dev.yiluhao.com/manage/list
---
2013/03/27 14:00:57 [error] [exception.CHttpException.404] exception 'CHttpException' with message 'Unable to resolve the request "upload/201303/26/14/327f33580c3793915ba929367c856eba/thumb.jpg".' in C:\mydatas\APMServ5.2.6\www\htdocs\home\framework\web\CWebApplication.php:280
Stack trace:
#0 C:\mydatas\APMServ5.2.6\www\htdocs\home\framework\web\CWebApplication.php(135): CWebApplication->runController('upload/201303/2...')
#1 C:\mydatas\APMServ5.2.6\www\htdocs\home\framework\base\CApplication.php(162): CWebApplication->processRequest()
#2 C:\mydatas\APMServ5.2.6\www\htdocs\home\fang\index.php(17): CApplication->run()
#3 {main}
REQUEST_URI=/upload/201303/26/14/327f33580c3793915ba929367c856eba/thumb.jpg
HTTP_REFERER=http://f.dev.yiluhao.com/1002
---
2013/03/27 14:01:52 [error] [exception.CHttpException.404] exception 'CHttpException' with message 'Unable to resolve the request "upload/201303/26/14/327f33580c3793915ba929367c856eba/thumb.jpg".' in C:\mydatas\APMServ5.2.6\www\htdocs\home\framework\web\CWebApplication.php:280
Stack trace:
#0 C:\mydatas\APMServ5.2.6\www\htdocs\home\framework\web\CWebApplication.php(135): CWebApplication->runController('upload/201303/2...')
#1 C:\mydatas\APMServ5.2.6\www\htdocs\home\framework\base\CApplication.php(162): CWebApplication->processRequest()
#2 C:\mydatas\APMServ5.2.6\www\htdocs\home\fang\index.php(17): CApplication->run()
#3 {main}
REQUEST_URI=/upload/201303/26/14/327f33580c3793915ba929367c856eba/thumb.jpg
HTTP_REFERER=http://f.dev.yiluhao.com/1002/page/2
---
2013/03/27 14:01:53 [error] [exception.CHttpException.404] exception 'CHttpException' with message 'Unable to resolve the request "upload/201303/26/14/327f33580c3793915ba929367c856eba/thumb.jpg".' in C:\mydatas\APMServ5.2.6\www\htdocs\home\framework\web\CWebApplication.php:280
Stack trace:
#0 C:\mydatas\APMServ5.2.6\www\htdocs\home\framework\web\CWebApplication.php(135): CWebApplication->runController('upload/201303/2...')
#1 C:\mydatas\APMServ5.2.6\www\htdocs\home\framework\base\CApplication.php(162): CWebApplication->processRequest()
#2 C:\mydatas\APMServ5.2.6\www\htdocs\home\fang\index.php(17): CApplication->run()
#3 {main}
REQUEST_URI=/upload/201303/26/14/327f33580c3793915ba929367c856eba/thumb.jpg
HTTP_REFERER=http://f.dev.yiluhao.com/1002/page/2
---
2013/03/27 14:01:54 [error] [exception.CHttpException.404] exception 'CHttpException' with message 'Unable to resolve the request "upload/201303/26/14/327f33580c3793915ba929367c856eba/thumb.jpg".' in C:\mydatas\APMServ5.2.6\www\htdocs\home\framework\web\CWebApplication.php:280
Stack trace:
#0 C:\mydatas\APMServ5.2.6\www\htdocs\home\framework\web\CWebApplication.php(135): CWebApplication->runController('upload/201303/2...')
#1 C:\mydatas\APMServ5.2.6\www\htdocs\home\framework\base\CApplication.php(162): CWebApplication->processRequest()
#2 C:\mydatas\APMServ5.2.6\www\htdocs\home\fang\index.php(17): CApplication->run()
#3 {main}
REQUEST_URI=/upload/201303/26/14/327f33580c3793915ba929367c856eba/thumb.jpg
HTTP_REFERER=http://f.dev.yiluhao.com/1002/page/2
---
2013/03/27 14:01:55 [error] [exception.CHttpException.404] exception 'CHttpException' with message 'Unable to resolve the request "upload/201303/26/14/327f33580c3793915ba929367c856eba/thumb.jpg".' in C:\mydatas\APMServ5.2.6\www\htdocs\home\framework\web\CWebApplication.php:280
Stack trace:
#0 C:\mydatas\APMServ5.2.6\www\htdocs\home\framework\web\CWebApplication.php(135): CWebApplication->runController('upload/201303/2...')
#1 C:\mydatas\APMServ5.2.6\www\htdocs\home\framework\base\CApplication.php(162): CWebApplication->processRequest()
#2 C:\mydatas\APMServ5.2.6\www\htdocs\home\fang\index.php(17): CApplication->run()
#3 {main}
REQUEST_URI=/upload/201303/26/14/327f33580c3793915ba929367c856eba/thumb.jpg
HTTP_REFERER=http://f.dev.yiluhao.com/1002/page/2
---
2013/03/27 14:03:00 [error] [exception.CHttpException.404] exception 'CHttpException' with message 'Unable to resolve the request "upload/201303/26/14/327f33580c3793915ba929367c856eba/thumb.jpg".' in C:\mydatas\APMServ5.2.6\www\htdocs\home\framework\web\CWebApplication.php:280
Stack trace:
#0 C:\mydatas\APMServ5.2.6\www\htdocs\home\framework\web\CWebApplication.php(135): CWebApplication->runController('upload/201303/2...')
#1 C:\mydatas\APMServ5.2.6\www\htdocs\home\framework\base\CApplication.php(162): CWebApplication->processRequest()
#2 C:\mydatas\APMServ5.2.6\www\htdocs\home\fang\index.php(17): CApplication->run()
#3 {main}
REQUEST_URI=/upload/201303/26/14/327f33580c3793915ba929367c856eba/thumb.jpg
HTTP_REFERER=http://f.dev.yiluhao.com/1002/page/2
---
2013/03/27 14:03:01 [error] [exception.CHttpException.404] exception 'CHttpException' with message 'Unable to resolve the request "upload/201303/26/14/327f33580c3793915ba929367c856eba/thumb.jpg".' in C:\mydatas\APMServ5.2.6\www\htdocs\home\framework\web\CWebApplication.php:280
Stack trace:
#0 C:\mydatas\APMServ5.2.6\www\htdocs\home\framework\web\CWebApplication.php(135): CWebApplication->runController('upload/201303/2...')
#1 C:\mydatas\APMServ5.2.6\www\htdocs\home\framework\base\CApplication.php(162): CWebApplication->processRequest()
#2 C:\mydatas\APMServ5.2.6\www\htdocs\home\fang\index.php(17): CApplication->run()
#3 {main}
REQUEST_URI=/upload/201303/26/14/327f33580c3793915ba929367c856eba/thumb.jpg
HTTP_REFERER=http://f.dev.yiluhao.com/1002/page/2
---
2013/03/27 14:03:03 [error] [exception.CHttpException.404] exception 'CHttpException' with message 'Unable to resolve the request "upload/201303/26/14/327f33580c3793915ba929367c856eba/thumb.jpg".' in C:\mydatas\APMServ5.2.6\www\htdocs\home\framework\web\CWebApplication.php:280
Stack trace:
#0 C:\mydatas\APMServ5.2.6\www\htdocs\home\framework\web\CWebApplication.php(135): CWebApplication->runController('upload/201303/2...')
#1 C:\mydatas\APMServ5.2.6\www\htdocs\home\framework\base\CApplication.php(162): CWebApplication->processRequest()
#2 C:\mydatas\APMServ5.2.6\www\htdocs\home\fang\index.php(17): CApplication->run()
#3 {main}
REQUEST_URI=/upload/201303/26/14/327f33580c3793915ba929367c856eba/thumb.jpg
HTTP_REFERER=http://f.dev.yiluhao.com/1002/page/2
---
2013/03/27 14:03:03 [error] [exception.CHttpException.404] exception 'CHttpException' with message 'Unable to resolve the request "upload/201303/26/14/327f33580c3793915ba929367c856eba/thumb.jpg".' in C:\mydatas\APMServ5.2.6\www\htdocs\home\framework\web\CWebApplication.php:280
Stack trace:
#0 C:\mydatas\APMServ5.2.6\www\htdocs\home\framework\web\CWebApplication.php(135): CWebApplication->runController('upload/201303/2...')
#1 C:\mydatas\APMServ5.2.6\www\htdocs\home\framework\base\CApplication.php(162): CWebApplication->processRequest()
#2 C:\mydatas\APMServ5.2.6\www\htdocs\home\fang\index.php(17): CApplication->run()
#3 {main}
REQUEST_URI=/upload/201303/26/14/327f33580c3793915ba929367c856eba/thumb.jpg
HTTP_REFERER=http://f.dev.yiluhao.com/1002/page/2
---
2013/03/27 14:03:57 [error] [exception.CHttpException.404] exception 'CHttpException' with message 'Unable to resolve the request "upload/201303/26/14/327f33580c3793915ba929367c856eba/thumb.jpg".' in C:\mydatas\APMServ5.2.6\www\htdocs\home\framework\web\CWebApplication.php:280
Stack trace:
#0 C:\mydatas\APMServ5.2.6\www\htdocs\home\framework\web\CWebApplication.php(135): CWebApplication->runController('upload/201303/2...')
#1 C:\mydatas\APMServ5.2.6\www\htdocs\home\framework\base\CApplication.php(162): CWebApplication->processRequest()
#2 C:\mydatas\APMServ5.2.6\www\htdocs\home\fang\index.php(17): CApplication->run()
#3 {main}
REQUEST_URI=/upload/201303/26/14/327f33580c3793915ba929367c856eba/thumb.jpg
HTTP_REFERER=http://f.dev.yiluhao.com/1002
---
2013/03/27 14:03:58 [error] [exception.CHttpException.404] exception 'CHttpException' with message 'Unable to resolve the request "upload/201303/26/14/327f33580c3793915ba929367c856eba/thumb.jpg".' in C:\mydatas\APMServ5.2.6\www\htdocs\home\framework\web\CWebApplication.php:280
Stack trace:
#0 C:\mydatas\APMServ5.2.6\www\htdocs\home\framework\web\CWebApplication.php(135): CWebApplication->runController('upload/201303/2...')
#1 C:\mydatas\APMServ5.2.6\www\htdocs\home\framework\base\CApplication.php(162): CWebApplication->processRequest()
#2 C:\mydatas\APMServ5.2.6\www\htdocs\home\fang\index.php(17): CApplication->run()
#3 {main}
REQUEST_URI=/upload/201303/26/14/327f33580c3793915ba929367c856eba/thumb.jpg
HTTP_REFERER=http://f.dev.yiluhao.com/1002
---
2013/03/27 14:05:41 [error] [exception.CHttpException.404] exception 'CHttpException' with message 'Unable to resolve the request "upload/201303/26/14/327f33580c3793915ba929367c856eba/thumb.jpg".' in C:\mydatas\APMServ5.2.6\www\htdocs\home\framework\web\CWebApplication.php:280
Stack trace:
#0 C:\mydatas\APMServ5.2.6\www\htdocs\home\framework\web\CWebApplication.php(135): CWebApplication->runController('upload/201303/2...')
#1 C:\mydatas\APMServ5.2.6\www\htdocs\home\framework\base\CApplication.php(162): CWebApplication->processRequest()
#2 C:\mydatas\APMServ5.2.6\www\htdocs\home\fang\index.php(17): CApplication->run()
#3 {main}
REQUEST_URI=/upload/201303/26/14/327f33580c3793915ba929367c856eba/thumb.jpg
HTTP_REFERER=http://f.dev.yiluhao.com/1002
---
2013/03/27 14:05:42 [error] [exception.CHttpException.404] exception 'CHttpException' with message 'Unable to resolve the request "upload/201303/26/14/327f33580c3793915ba929367c856eba/thumb.jpg".' in C:\mydatas\APMServ5.2.6\www\htdocs\home\framework\web\CWebApplication.php:280
Stack trace:
#0 C:\mydatas\APMServ5.2.6\www\htdocs\home\framework\web\CWebApplication.php(135): CWebApplication->runController('upload/201303/2...')
#1 C:\mydatas\APMServ5.2.6\www\htdocs\home\framework\base\CApplication.php(162): CWebApplication->processRequest()
#2 C:\mydatas\APMServ5.2.6\www\htdocs\home\fang\index.php(17): CApplication->run()
#3 {main}
REQUEST_URI=/upload/201303/26/14/327f33580c3793915ba929367c856eba/thumb.jpg
HTTP_REFERER=http://f.dev.yiluhao.com/1002
---
2013/03/27 14:05:43 [error] [exception.CHttpException.404] exception 'CHttpException' with message 'Unable to resolve the request "upload/201303/26/14/327f33580c3793915ba929367c856eba/thumb.jpg".' in C:\mydatas\APMServ5.2.6\www\htdocs\home\framework\web\CWebApplication.php:280
Stack trace:
#0 C:\mydatas\APMServ5.2.6\www\htdocs\home\framework\web\CWebApplication.php(135): CWebApplication->runController('upload/201303/2...')
#1 C:\mydatas\APMServ5.2.6\www\htdocs\home\framework\base\CApplication.php(162): CWebApplication->processRequest()
#2 C:\mydatas\APMServ5.2.6\www\htdocs\home\fang\index.php(17): CApplication->run()
#3 {main}
REQUEST_URI=/upload/201303/26/14/327f33580c3793915ba929367c856eba/thumb.jpg
HTTP_REFERER=http://f.dev.yiluhao.com/1002
---
2013/03/27 14:05:44 [error] [exception.CHttpException.404] exception 'CHttpException' with message 'Unable to resolve the request "upload/201303/26/14/327f33580c3793915ba929367c856eba/thumb.jpg".' in C:\mydatas\APMServ5.2.6\www\htdocs\home\framework\web\CWebApplication.php:280
Stack trace:
#0 C:\mydatas\APMServ5.2.6\www\htdocs\home\framework\web\CWebApplication.php(135): CWebApplication->runController('upload/201303/2...')
#1 C:\mydatas\APMServ5.2.6\www\htdocs\home\framework\base\CApplication.php(162): CWebApplication->processRequest()
#2 C:\mydatas\APMServ5.2.6\www\htdocs\home\fang\index.php(17): CApplication->run()
#3 {main}
REQUEST_URI=/upload/201303/26/14/327f33580c3793915ba929367c856eba/thumb.jpg
HTTP_REFERER=http://f.dev.yiluhao.com/1002
---
2013/03/27 14:06:11 [error] [exception.CHttpException.404] exception 'CHttpException' with message 'Unable to resolve the request "upload/201303/26/14/327f33580c3793915ba929367c856eba/thumb.jpg".' in C:\mydatas\APMServ5.2.6\www\htdocs\home\framework\web\CWebApplication.php:280
Stack trace:
#0 C:\mydatas\APMServ5.2.6\www\htdocs\home\framework\web\CWebApplication.php(135): CWebApplication->runController('upload/201303/2...')
#1 C:\mydatas\APMServ5.2.6\www\htdocs\home\framework\base\CApplication.php(162): CWebApplication->processRequest()
#2 C:\mydatas\APMServ5.2.6\www\htdocs\home\fang\index.php(17): CApplication->run()
#3 {main}
REQUEST_URI=/upload/201303/26/14/327f33580c3793915ba929367c856eba/thumb.jpg
HTTP_REFERER=http://f.dev.yiluhao.com/1002
---
2013/03/27 14:06:12 [error] [exception.CHttpException.404] exception 'CHttpException' with message 'Unable to resolve the request "upload/201303/26/14/327f33580c3793915ba929367c856eba/thumb.jpg".' in C:\mydatas\APMServ5.2.6\www\htdocs\home\framework\web\CWebApplication.php:280
Stack trace:
#0 C:\mydatas\APMServ5.2.6\www\htdocs\home\framework\web\CWebApplication.php(135): CWebApplication->runController('upload/201303/2...')
#1 C:\mydatas\APMServ5.2.6\www\htdocs\home\framework\base\CApplication.php(162): CWebApplication->processRequest()
#2 C:\mydatas\APMServ5.2.6\www\htdocs\home\fang\index.php(17): CApplication->run()
#3 {main}
REQUEST_URI=/upload/201303/26/14/327f33580c3793915ba929367c856eba/thumb.jpg
HTTP_REFERER=http://f.dev.yiluhao.com/1002
---
2013/03/27 14:06:13 [error] [exception.CHttpException.404] exception 'CHttpException' with message 'Unable to resolve the request "upload/201303/26/14/327f33580c3793915ba929367c856eba/thumb.jpg".' in C:\mydatas\APMServ5.2.6\www\htdocs\home\framework\web\CWebApplication.php:280
Stack trace:
#0 C:\mydatas\APMServ5.2.6\www\htdocs\home\framework\web\CWebApplication.php(135): CWebApplication->runController('upload/201303/2...')
#1 C:\mydatas\APMServ5.2.6\www\htdocs\home\framework\base\CApplication.php(162): CWebApplication->processRequest()
#2 C:\mydatas\APMServ5.2.6\www\htdocs\home\fang\index.php(17): CApplication->run()
#3 {main}
REQUEST_URI=/upload/201303/26/14/327f33580c3793915ba929367c856eba/thumb.jpg
HTTP_REFERER=http://f.dev.yiluhao.com/1002
---
2013/03/27 14:06:14 [error] [exception.CHttpException.404] exception 'CHttpException' with message 'Unable to resolve the request "upload/201303/26/14/327f33580c3793915ba929367c856eba/thumb.jpg".' in C:\mydatas\APMServ5.2.6\www\htdocs\home\framework\web\CWebApplication.php:280
Stack trace:
#0 C:\mydatas\APMServ5.2.6\www\htdocs\home\framework\web\CWebApplication.php(135): CWebApplication->runController('upload/201303/2...')
#1 C:\mydatas\APMServ5.2.6\www\htdocs\home\framework\base\CApplication.php(162): CWebApplication->processRequest()
#2 C:\mydatas\APMServ5.2.6\www\htdocs\home\fang\index.php(17): CApplication->run()
#3 {main}
REQUEST_URI=/upload/201303/26/14/327f33580c3793915ba929367c856eba/thumb.jpg
HTTP_REFERER=http://f.dev.yiluhao.com/1002
---
2013/03/27 14:13:31 [error] [exception.CHttpException.404] exception 'CHttpException' with message 'Unable to resolve the request "upload/201303/26/14/327f33580c3793915ba929367c856eba/thumb.jpg".' in C:\mydatas\APMServ5.2.6\www\htdocs\home\framework\web\CWebApplication.php:280
Stack trace:
#0 C:\mydatas\APMServ5.2.6\www\htdocs\home\framework\web\CWebApplication.php(135): CWebApplication->runController('upload/201303/2...')
#1 C:\mydatas\APMServ5.2.6\www\htdocs\home\framework\base\CApplication.php(162): CWebApplication->processRequest()
#2 C:\mydatas\APMServ5.2.6\www\htdocs\home\fang\index.php(17): CApplication->run()
#3 {main}
REQUEST_URI=/upload/201303/26/14/327f33580c3793915ba929367c856eba/thumb.jpg
HTTP_REFERER=http://f.dev.yiluhao.com/1002
---
2013/03/27 14:13:31 [error] [exception.CHttpException.404] exception 'CHttpException' with message 'Unable to resolve the request "upload/201303/26/14/327f33580c3793915ba929367c856eba/thumb.jpg".' in C:\mydatas\APMServ5.2.6\www\htdocs\home\framework\web\CWebApplication.php:280
Stack trace:
#0 C:\mydatas\APMServ5.2.6\www\htdocs\home\framework\web\CWebApplication.php(135): CWebApplication->runController('upload/201303/2...')
#1 C:\mydatas\APMServ5.2.6\www\htdocs\home\framework\base\CApplication.php(162): CWebApplication->processRequest()
#2 C:\mydatas\APMServ5.2.6\www\htdocs\home\fang\index.php(17): CApplication->run()
#3 {main}
REQUEST_URI=/upload/201303/26/14/327f33580c3793915ba929367c856eba/thumb.jpg
HTTP_REFERER=http://f.dev.yiluhao.com/1002
---
2013/03/27 14:13:35 [error] [exception.CHttpException.404] exception 'CHttpException' with message 'Unable to resolve the request "upload/201303/26/14/327f33580c3793915ba929367c856eba/thumb.jpg".' in C:\mydatas\APMServ5.2.6\www\htdocs\home\framework\web\CWebApplication.php:280
Stack trace:
#0 C:\mydatas\APMServ5.2.6\www\htdocs\home\framework\web\CWebApplication.php(135): CWebApplication->runController('upload/201303/2...')
#1 C:\mydatas\APMServ5.2.6\www\htdocs\home\framework\base\CApplication.php(162): CWebApplication->processRequest()
#2 C:\mydatas\APMServ5.2.6\www\htdocs\home\fang\index.php(17): CApplication->run()
#3 {main}
REQUEST_URI=/upload/201303/26/14/327f33580c3793915ba929367c856eba/thumb.jpg
HTTP_REFERER=http://f.dev.yiluhao.com/1002
---
2013/03/27 14:14:02 [error] [exception.CHttpException.404] exception 'CHttpException' with message 'Unable to resolve the request "upload/201303/26/14/327f33580c3793915ba929367c856eba/thumb.jpg".' in C:\mydatas\APMServ5.2.6\www\htdocs\home\framework\web\CWebApplication.php:280
Stack trace:
#0 C:\mydatas\APMServ5.2.6\www\htdocs\home\framework\web\CWebApplication.php(135): CWebApplication->runController('upload/201303/2...')
#1 C:\mydatas\APMServ5.2.6\www\htdocs\home\framework\base\CApplication.php(162): CWebApplication->processRequest()
#2 C:\mydatas\APMServ5.2.6\www\htdocs\home\fang\index.php(17): CApplication->run()
#3 {main}
REQUEST_URI=/upload/201303/26/14/327f33580c3793915ba929367c856eba/thumb.jpg
HTTP_REFERER=http://f.dev.yiluhao.com/manage/list
---
2013/03/27 14:14:02 [error] [exception.CHttpException.404] exception 'CHttpException' with message 'Unable to resolve the request "upload/201303/26/14/327f33580c3793915ba929367c856eba/thumb.jpg".' in C:\mydatas\APMServ5.2.6\www\htdocs\home\framework\web\CWebApplication.php:280
Stack trace:
#0 C:\mydatas\APMServ5.2.6\www\htdocs\home\framework\web\CWebApplication.php(135): CWebApplication->runController('upload/201303/2...')
#1 C:\mydatas\APMServ5.2.6\www\htdocs\home\framework\base\CApplication.php(162): CWebApplication->processRequest()
#2 C:\mydatas\APMServ5.2.6\www\htdocs\home\fang\index.php(17): CApplication->run()
#3 {main}
REQUEST_URI=/upload/201303/26/14/327f33580c3793915ba929367c856eba/thumb.jpg
HTTP_REFERER=http://f.dev.yiluhao.com/manage/list
---
2013/03/27 14:14:32 [error] [exception.CHttpException.404] exception 'CHttpException' with message 'Unable to resolve the request "upload/201303/26/14/327f33580c3793915ba929367c856eba/thumb.jpg".' in C:\mydatas\APMServ5.2.6\www\htdocs\home\framework\web\CWebApplication.php:280
Stack trace:
#0 C:\mydatas\APMServ5.2.6\www\htdocs\home\framework\web\CWebApplication.php(135): CWebApplication->runController('upload/201303/2...')
#1 C:\mydatas\APMServ5.2.6\www\htdocs\home\framework\base\CApplication.php(162): CWebApplication->processRequest()
#2 C:\mydatas\APMServ5.2.6\www\htdocs\home\fang\index.php(17): CApplication->run()
#3 {main}
REQUEST_URI=/upload/201303/26/14/327f33580c3793915ba929367c856eba/thumb.jpg
HTTP_REFERER=http://f.dev.yiluhao.com/manage/list
---
2013/03/27 14:14:33 [error] [exception.CHttpException.404] exception 'CHttpException' with message 'Unable to resolve the request "upload/201303/26/14/327f33580c3793915ba929367c856eba/thumb.jpg".' in C:\mydatas\APMServ5.2.6\www\htdocs\home\framework\web\CWebApplication.php:280
Stack trace:
#0 C:\mydatas\APMServ5.2.6\www\htdocs\home\framework\web\CWebApplication.php(135): CWebApplication->runController('upload/201303/2...')
#1 C:\mydatas\APMServ5.2.6\www\htdocs\home\framework\base\CApplication.php(162): CWebApplication->processRequest()
#2 C:\mydatas\APMServ5.2.6\www\htdocs\home\fang\index.php(17): CApplication->run()
#3 {main}
REQUEST_URI=/upload/201303/26/14/327f33580c3793915ba929367c856eba/thumb.jpg
HTTP_REFERER=http://f.dev.yiluhao.com/manage/list
---
2013/03/27 14:14:34 [error] [exception.CHttpException.404] exception 'CHttpException' with message 'Unable to resolve the request "upload/201303/26/14/327f33580c3793915ba929367c856eba/thumb.jpg".' in C:\mydatas\APMServ5.2.6\www\htdocs\home\framework\web\CWebApplication.php:280
Stack trace:
#0 C:\mydatas\APMServ5.2.6\www\htdocs\home\framework\web\CWebApplication.php(135): CWebApplication->runController('upload/201303/2...')
#1 C:\mydatas\APMServ5.2.6\www\htdocs\home\framework\base\CApplication.php(162): CWebApplication->processRequest()
#2 C:\mydatas\APMServ5.2.6\www\htdocs\home\fang\index.php(17): CApplication->run()
#3 {main}
REQUEST_URI=/upload/201303/26/14/327f33580c3793915ba929367c856eba/thumb.jpg
HTTP_REFERER=http://f.dev.yiluhao.com/manage/list
---
2013/03/27 14:14:35 [error] [exception.CHttpException.404] exception 'CHttpException' with message 'Unable to resolve the request "upload/201303/26/14/327f33580c3793915ba929367c856eba/thumb.jpg".' in C:\mydatas\APMServ5.2.6\www\htdocs\home\framework\web\CWebApplication.php:280
Stack trace:
#0 C:\mydatas\APMServ5.2.6\www\htdocs\home\framework\web\CWebApplication.php(135): CWebApplication->runController('upload/201303/2...')
#1 C:\mydatas\APMServ5.2.6\www\htdocs\home\framework\base\CApplication.php(162): CWebApplication->processRequest()
#2 C:\mydatas\APMServ5.2.6\www\htdocs\home\fang\index.php(17): CApplication->run()
#3 {main}
REQUEST_URI=/upload/201303/26/14/327f33580c3793915ba929367c856eba/thumb.jpg
HTTP_REFERER=http://f.dev.yiluhao.com/manage/list
---
2013/03/27 14:14:35 [error] [exception.CHttpException.404] exception 'CHttpException' with message 'Unable to resolve the request "upload/201303/26/14/327f33580c3793915ba929367c856eba/thumb.jpg".' in C:\mydatas\APMServ5.2.6\www\htdocs\home\framework\web\CWebApplication.php:280
Stack trace:
#0 C:\mydatas\APMServ5.2.6\www\htdocs\home\framework\web\CWebApplication.php(135): CWebApplication->runController('upload/201303/2...')
#1 C:\mydatas\APMServ5.2.6\www\htdocs\home\framework\base\CApplication.php(162): CWebApplication->processRequest()
#2 C:\mydatas\APMServ5.2.6\www\htdocs\home\fang\index.php(17): CApplication->run()
#3 {main}
REQUEST_URI=/upload/201303/26/14/327f33580c3793915ba929367c856eba/thumb.jpg
HTTP_REFERER=http://f.dev.yiluhao.com/manage/list
---
2013/03/27 14:14:36 [error] [exception.CHttpException.404] exception 'CHttpException' with message 'Unable to resolve the request "upload/201303/26/14/327f33580c3793915ba929367c856eba/thumb.jpg".' in C:\mydatas\APMServ5.2.6\www\htdocs\home\framework\web\CWebApplication.php:280
Stack trace:
#0 C:\mydatas\APMServ5.2.6\www\htdocs\home\framework\web\CWebApplication.php(135): CWebApplication->runController('upload/201303/2...')
#1 C:\mydatas\APMServ5.2.6\www\htdocs\home\framework\base\CApplication.php(162): CWebApplication->processRequest()
#2 C:\mydatas\APMServ5.2.6\www\htdocs\home\fang\index.php(17): CApplication->run()
#3 {main}
REQUEST_URI=/upload/201303/26/14/327f33580c3793915ba929367c856eba/thumb.jpg
HTTP_REFERER=http://f.dev.yiluhao.com/manage/list
---
2013/03/27 14:14:36 [error] [exception.CHttpException.404] exception 'CHttpException' with message 'Unable to resolve the request "upload/201303/26/14/327f33580c3793915ba929367c856eba/thumb.jpg".' in C:\mydatas\APMServ5.2.6\www\htdocs\home\framework\web\CWebApplication.php:280
Stack trace:
#0 C:\mydatas\APMServ5.2.6\www\htdocs\home\framework\web\CWebApplication.php(135): CWebApplication->runController('upload/201303/2...')
#1 C:\mydatas\APMServ5.2.6\www\htdocs\home\framework\base\CApplication.php(162): CWebApplication->processRequest()
#2 C:\mydatas\APMServ5.2.6\www\htdocs\home\fang\index.php(17): CApplication->run()
#3 {main}
REQUEST_URI=/upload/201303/26/14/327f33580c3793915ba929367c856eba/thumb.jpg
HTTP_REFERER=http://f.dev.yiluhao.com/manage/list
---
2013/03/27 14:14:38 [error] [exception.CHttpException.404] exception 'CHttpException' with message 'Unable to resolve the request "upload/201303/26/14/327f33580c3793915ba929367c856eba/thumb.jpg".' in C:\mydatas\APMServ5.2.6\www\htdocs\home\framework\web\CWebApplication.php:280
Stack trace:
#0 C:\mydatas\APMServ5.2.6\www\htdocs\home\framework\web\CWebApplication.php(135): CWebApplication->runController('upload/201303/2...')
#1 C:\mydatas\APMServ5.2.6\www\htdocs\home\framework\base\CApplication.php(162): CWebApplication->processRequest()
#2 C:\mydatas\APMServ5.2.6\www\htdocs\home\fang\index.php(17): CApplication->run()
#3 {main}
REQUEST_URI=/upload/201303/26/14/327f33580c3793915ba929367c856eba/thumb.jpg
HTTP_REFERER=http://f.dev.yiluhao.com/manage/list
---
2013/03/27 14:15:22 [error] [exception.CHttpException.404] exception 'CHttpException' with message 'Unable to resolve the request "upload/201303/26/14/327f33580c3793915ba929367c856eba/thumb.jpg".' in C:\mydatas\APMServ5.2.6\www\htdocs\home\framework\web\CWebApplication.php:280
Stack trace:
#0 C:\mydatas\APMServ5.2.6\www\htdocs\home\framework\web\CWebApplication.php(135): CWebApplication->runController('upload/201303/2...')
#1 C:\mydatas\APMServ5.2.6\www\htdocs\home\framework\base\CApplication.php(162): CWebApplication->processRequest()
#2 C:\mydatas\APMServ5.2.6\www\htdocs\home\fang\index.php(17): CApplication->run()
#3 {main}
REQUEST_URI=/upload/201303/26/14/327f33580c3793915ba929367c856eba/thumb.jpg
HTTP_REFERER=http://f.dev.yiluhao.com/manage/list
---
2013/03/27 14:15:23 [error] [exception.CHttpException.404] exception 'CHttpException' with message 'Unable to resolve the request "upload/201303/26/14/327f33580c3793915ba929367c856eba/thumb.jpg".' in C:\mydatas\APMServ5.2.6\www\htdocs\home\framework\web\CWebApplication.php:280
Stack trace:
#0 C:\mydatas\APMServ5.2.6\www\htdocs\home\framework\web\CWebApplication.php(135): CWebApplication->runController('upload/201303/2...')
#1 C:\mydatas\APMServ5.2.6\www\htdocs\home\framework\base\CApplication.php(162): CWebApplication->processRequest()
#2 C:\mydatas\APMServ5.2.6\www\htdocs\home\fang\index.php(17): CApplication->run()
#3 {main}
REQUEST_URI=/upload/201303/26/14/327f33580c3793915ba929367c856eba/thumb.jpg
HTTP_REFERER=http://f.dev.yiluhao.com/manage/list
---
2013/03/27 14:15:25 [error] [exception.CHttpException.404] exception 'CHttpException' with message 'Unable to resolve the request "upload/201303/26/14/327f33580c3793915ba929367c856eba/thumb.jpg".' in C:\mydatas\APMServ5.2.6\www\htdocs\home\framework\web\CWebApplication.php:280
Stack trace:
#0 C:\mydatas\APMServ5.2.6\www\htdocs\home\framework\web\CWebApplication.php(135): CWebApplication->runController('upload/201303/2...')
#1 C:\mydatas\APMServ5.2.6\www\htdocs\home\framework\base\CApplication.php(162): CWebApplication->processRequest()
#2 C:\mydatas\APMServ5.2.6\www\htdocs\home\fang\index.php(17): CApplication->run()
#3 {main}
REQUEST_URI=/upload/201303/26/14/327f33580c3793915ba929367c856eba/thumb.jpg
HTTP_REFERER=http://f.dev.yiluhao.com/manage/list
---
2013/03/27 14:15:26 [error] [exception.CHttpException.404] exception 'CHttpException' with message 'Unable to resolve the request "upload/201303/26/14/327f33580c3793915ba929367c856eba/thumb.jpg".' in C:\mydatas\APMServ5.2.6\www\htdocs\home\framework\web\CWebApplication.php:280
Stack trace:
#0 C:\mydatas\APMServ5.2.6\www\htdocs\home\framework\web\CWebApplication.php(135): CWebApplication->runController('upload/201303/2...')
#1 C:\mydatas\APMServ5.2.6\www\htdocs\home\framework\base\CApplication.php(162): CWebApplication->processRequest()
#2 C:\mydatas\APMServ5.2.6\www\htdocs\home\fang\index.php(17): CApplication->run()
#3 {main}
REQUEST_URI=/upload/201303/26/14/327f33580c3793915ba929367c856eba/thumb.jpg
HTTP_REFERER=http://f.dev.yiluhao.com/manage/list
---
2013/03/27 14:15:54 [error] [exception.CHttpException.404] exception 'CHttpException' with message 'Unable to resolve the request "upload/201303/26/14/327f33580c3793915ba929367c856eba/thumb.jpg".' in C:\mydatas\APMServ5.2.6\www\htdocs\home\framework\web\CWebApplication.php:280
Stack trace:
#0 C:\mydatas\APMServ5.2.6\www\htdocs\home\framework\web\CWebApplication.php(135): CWebApplication->runController('upload/201303/2...')
#1 C:\mydatas\APMServ5.2.6\www\htdocs\home\framework\base\CApplication.php(162): CWebApplication->processRequest()
#2 C:\mydatas\APMServ5.2.6\www\htdocs\home\fang\index.php(17): CApplication->run()
#3 {main}
REQUEST_URI=/upload/201303/26/14/327f33580c3793915ba929367c856eba/thumb.jpg
HTTP_REFERER=http://f.dev.yiluhao.com/manage/list
---
2013/03/27 14:15:54 [error] [exception.CHttpException.404] exception 'CHttpException' with message 'Unable to resolve the request "upload/201303/26/14/327f33580c3793915ba929367c856eba/thumb.jpg".' in C:\mydatas\APMServ5.2.6\www\htdocs\home\framework\web\CWebApplication.php:280
Stack trace:
#0 C:\mydatas\APMServ5.2.6\www\htdocs\home\framework\web\CWebApplication.php(135): CWebApplication->runController('upload/201303/2...')
#1 C:\mydatas\APMServ5.2.6\www\htdocs\home\framework\base\CApplication.php(162): CWebApplication->processRequest()
#2 C:\mydatas\APMServ5.2.6\www\htdocs\home\fang\index.php(17): CApplication->run()
#3 {main}
REQUEST_URI=/upload/201303/26/14/327f33580c3793915ba929367c856eba/thumb.jpg
HTTP_REFERER=http://f.dev.yiluhao.com/manage/list
---
2013/03/27 14:15:56 [error] [exception.CHttpException.404] exception 'CHttpException' with message 'Unable to resolve the request "upload/201303/26/14/327f33580c3793915ba929367c856eba/thumb.jpg".' in C:\mydatas\APMServ5.2.6\www\htdocs\home\framework\web\CWebApplication.php:280
Stack trace:
#0 C:\mydatas\APMServ5.2.6\www\htdocs\home\framework\web\CWebApplication.php(135): CWebApplication->runController('upload/201303/2...')
#1 C:\mydatas\APMServ5.2.6\www\htdocs\home\framework\base\CApplication.php(162): CWebApplication->processRequest()
#2 C:\mydatas\APMServ5.2.6\www\htdocs\home\fang\index.php(17): CApplication->run()
#3 {main}
REQUEST_URI=/upload/201303/26/14/327f33580c3793915ba929367c856eba/thumb.jpg
HTTP_REFERER=http://f.dev.yiluhao.com/manage/list
---
2013/03/27 14:15:58 [error] [exception.CHttpException.404] exception 'CHttpException' with message 'Unable to resolve the request "upload/201303/26/14/327f33580c3793915ba929367c856eba/thumb.jpg".' in C:\mydatas\APMServ5.2.6\www\htdocs\home\framework\web\CWebApplication.php:280
Stack trace:
#0 C:\mydatas\APMServ5.2.6\www\htdocs\home\framework\web\CWebApplication.php(135): CWebApplication->runController('upload/201303/2...')
#1 C:\mydatas\APMServ5.2.6\www\htdocs\home\framework\base\CApplication.php(162): CWebApplication->processRequest()
#2 C:\mydatas\APMServ5.2.6\www\htdocs\home\fang\index.php(17): CApplication->run()
#3 {main}
REQUEST_URI=/upload/201303/26/14/327f33580c3793915ba929367c856eba/thumb.jpg
HTTP_REFERER=http://f.dev.yiluhao.com/manage/list
---
